[INFO] Scanning for projects...
[INFO] 
[INFO] --------------------< com.crmshot:crmshot-backend >---------------------
[INFO] Building crmshot-backend 0.0.1-SNAPSHOT
[INFO]   from pom.xml
[INFO] --------------------------------[ jar ]---------------------------------
[INFO] 
[INFO] >>> spring-boot:3.2.0:run (default-cli) > test-compile @ crmshot-backend >>>
[INFO] 
[INFO] --- resources:3.3.1:resources (default-resources) @ crmshot-backend ---
[INFO] Copying 1 resource from src/main/resources to target/classes
[INFO] Copying 0 resource from src/main/resources to target/classes
[INFO] 
[INFO] --- compiler:3.11.0:compile (default-compile) @ crmshot-backend ---
[INFO] Nothing to compile - all classes are up to date
[INFO] 
[INFO] --- resources:3.3.1:testResources (default-testResources) @ crmshot-backend ---
[INFO] skip non existing resourceDirectory /Users/leonardorocha/Documents/TCC/projeto/backend/src/test/resources
[INFO] 
[INFO] --- compiler:3.11.0:testCompile (default-testCompile) @ crmshot-backend ---
[INFO] Nothing to compile - all classes are up to date
[INFO] 
[INFO] <<< spring-boot:3.2.0:run (default-cli) < test-compile @ crmshot-backend <<<
[INFO] 
[INFO] 
[INFO] --- spring-boot:3.2.0:run (default-cli) @ crmshot-backend ---
[INFO] Attaching agents: []

  .   ____          _            __ _ _
 /\\ / ___'_ __ _ _(_)_ __  __ _ \ \ \ \
( ( )\___ | '_ | '_| | '_ \/ _` | \ \ \ \
 \\/  ___)| |_)| | | | | || (_| |  ) ) ) )
  '  |____| .__|_| |_|_| |_\__, | / / / /
 =========|_|==============|___/=/_/_/_/
[32m :: Spring Boot :: [39m              [2m (v3.2.0)[0;39m

[2m2025-09-12T19:45:27.522-03:00[0;39m [32m INFO[0;39m [35m76711[0;39m [2m---[0;39m [2m[crmshot-backend] [  restartedMain][0;39m [2m[0;39m[36mcom.crmshot.CrmshotApplication          [0;39m [2m:[0;39m Starting CrmshotApplication using Java 23.0.2 with PID 76711 (/Users/leonardorocha/Documents/TCC/projeto/backend/target/classes started by leonardorocha in /Users/leonardorocha/Documents/TCC/projeto/backend)
[2m2025-09-12T19:45:27.523-03:00[0;39m [32mDEBUG[0;39m [35m76711[0;39m [2m---[0;39m [2m[crmshot-backend] [  restartedMain][0;39m [2m[0;39m[36mcom.crmshot.CrmshotApplication          [0;39m [2m:[0;39m Running with Spring Boot v3.2.0, Spring v6.1.1
[2m2025-09-12T19:45:27.523-03:00[0;39m [32m INFO[0;39m [35m76711[0;39m [2m---[0;39m [2m[crmshot-backend] [  restartedMain][0;39m [2m[0;39m[36mcom.crmshot.CrmshotApplication          [0;39m [2m:[0;39m No active profile set, falling back to 1 default profile: "default"
[2m2025-09-12T19:45:27.542-03:00[0;39m [32m INFO[0;39m [35m76711[0;39m [2m---[0;39m [2m[crmshot-backend] [  restartedMain][0;39m [2m[0;39m[36m.e.DevToolsPropertyDefaultsPostProcessor[0;39m [2m:[0;39m Devtools property defaults active! Set 'spring.devtools.add-properties' to 'false' to disable
[2m2025-09-12T19:45:27.542-03:00[0;39m [32m INFO[0;39m [35m76711[0;39m [2m---[0;39m [2m[crmshot-backend] [  restartedMain][0;39m [2m[0;39m[36m.e.DevToolsPropertyDefaultsPostProcessor[0;39m [2m:[0;39m For additional web related logging consider setting the 'logging.level.web' property to 'DEBUG'
[2m2025-09-12T19:45:27.813-03:00[0;39m [32m INFO[0;39m [35m76711[0;39m [2m---[0;39m [2m[crmshot-backend] [  restartedMain][0;39m [2m[0;39m[36m.s.d.r.c.RepositoryConfigurationDelegate[0;39m [2m:[0;39m Bootstrapping Spring Data JPA repositories in DEFAULT mode.
[2m2025-09-12T19:45:27.837-03:00[0;39m [32m INFO[0;39m [35m76711[0;39m [2m---[0;39m [2m[crmshot-backend] [  restartedMain][0;39m [2m[0;39m[36m.s.d.r.c.RepositoryConfigurationDelegate[0;39m [2m:[0;39m Finished Spring Data repository scanning in 20 ms. Found 4 JPA repository interfaces.
[2m2025-09-12T19:45:28.049-03:00[0;39m [32m INFO[0;39m [35m76711[0;39m [2m---[0;39m [2m[crmshot-backend] [  restartedMain][0;39m [2m[0;39m[36mo.s.b.w.embedded.tomcat.TomcatWebServer [0;39m [2m:[0;39m Tomcat initialized with port 8080 (http)
[2m2025-09-12T19:45:28.054-03:00[0;39m [32m INFO[0;39m [35m76711[0;39m [2m---[0;39m [2m[crmshot-backend] [  restartedMain][0;39m [2m[0;39m[36mo.apache.catalina.core.StandardService  [0;39m [2m:[0;39m Starting service [Tomcat]
[2m2025-09-12T19:45:28.054-03:00[0;39m [32m INFO[0;39m [35m76711[0;39m [2m---[0;39m [2m[crmshot-backend] [  restartedMain][0;39m [2m[0;39m[36mo.apache.catalina.core.StandardEngine   [0;39m [2m:[0;39m Starting Servlet engine: [Apache Tomcat/10.1.16]
[2m2025-09-12T19:45:28.069-03:00[0;39m [32m INFO[0;39m [35m76711[0;39m [2m---[0;39m [2m[crmshot-backend] [  restartedMain][0;39m [2m[0;39m[36mo.a.c.c.C.[Tomcat].[localhost].[/api]   [0;39m [2m:[0;39m Initializing Spring embedded WebApplicationContext
[2m2025-09-12T19:45:28.069-03:00[0;39m [32m INFO[0;39m [35m76711[0;39m [2m---[0;39m [2m[crmshot-backend] [  restartedMain][0;39m [2m[0;39m[36mw.s.c.ServletWebServerApplicationContext[0;39m [2m:[0;39m Root WebApplicationContext: initialization completed in 526 ms
[2m2025-09-12T19:45:28.085-03:00[0;39m [32m INFO[0;39m [35m76711[0;39m [2m---[0;39m [2m[crmshot-backend] [  restartedMain][0;39m [2m[0;39m[36mcom.zaxxer.hikari.HikariDataSource      [0;39m [2m:[0;39m HikariPool-1 - Starting...
[2m2025-09-12T19:45:28.182-03:00[0;39m [32m INFO[0;39m [35m76711[0;39m [2m---[0;39m [2m[crmshot-backend] [  restartedMain][0;39m [2m[0;39m[36mcom.zaxxer.hikari.pool.HikariPool       [0;39m [2m:[0;39m HikariPool-1 - Added connection org.postgresql.jdbc.PgConnection@635730a3
[2m2025-09-12T19:45:28.183-03:00[0;39m [32m INFO[0;39m [35m76711[0;39m [2m---[0;39m [2m[crmshot-backend] [  restartedMain][0;39m [2m[0;39m[36mcom.zaxxer.hikari.HikariDataSource      [0;39m [2m:[0;39m HikariPool-1 - Start completed.
[2m2025-09-12T19:45:28.187-03:00[0;39m [32m INFO[0;39m [35m76711[0;39m [2m---[0;39m [2m[crmshot-backend] [  restartedMain][0;39m [2m[0;39m[36mo.s.b.a.h2.H2ConsoleAutoConfiguration   [0;39m [2m:[0;39m H2 console available at '/h2-console'. Database available at 'jdbc:postgresql://localhost:5432/crmshot'
[2m2025-09-12T19:45:28.228-03:00[0;39m [32m INFO[0;39m [35m76711[0;39m [2m---[0;39m [2m[crmshot-backend] [  restartedMain][0;39m [2m[0;39m[36mo.hibernate.jpa.internal.util.LogHelper [0;39m [2m:[0;39m HHH000204: Processing PersistenceUnitInfo [name: default]
[2m2025-09-12T19:45:28.251-03:00[0;39m [32m INFO[0;39m [35m76711[0;39m [2m---[0;39m [2m[crmshot-backend] [  restartedMain][0;39m [2m[0;39m[36morg.hibernate.Version                   [0;39m [2m:[0;39m HHH000412: Hibernate ORM core version 6.3.1.Final
[2m2025-09-12T19:45:28.263-03:00[0;39m [32m INFO[0;39m [35m76711[0;39m [2m---[0;39m [2m[crmshot-backend] [  restartedMain][0;39m [2m[0;39m[36mo.h.c.internal.RegionFactoryInitiator   [0;39m [2m:[0;39m HHH000026: Second-level cache disabled
[2m2025-09-12T19:45:28.346-03:00[0;39m [32m INFO[0;39m [35m76711[0;39m [2m---[0;39m [2m[crmshot-backend] [  restartedMain][0;39m [2m[0;39m[36mo.s.o.j.p.SpringPersistenceUnitInfo     [0;39m [2m:[0;39m No LoadTimeWeaver setup: ignoring JPA class transformer
[2m2025-09-12T19:45:28.370-03:00[0;39m [33m WARN[0;39m [35m76711[0;39m [2m---[0;39m [2m[crmshot-backend] [  restartedMain][0;39m [2m[0;39m[36morg.hibernate.orm.deprecation           [0;39m [2m:[0;39m HHH90000025: PostgreSQLDialect does not need to be specified explicitly using 'hibernate.dialect' (remove the property setting and it will be selected by default)
[2m2025-09-12T19:45:28.728-03:00[0;39m [32m INFO[0;39m [35m76711[0;39m [2m---[0;39m [2m[crmshot-backend] [  restartedMain][0;39m [2m[0;39m[36mo.h.e.t.j.p.i.JtaPlatformInitiator      [0;39m [2m:[0;39m HHH000489: No JTA platform available (set 'hibernate.transaction.jta.platform' to enable JTA platform integration)
[2m2025-09-12T19:45:28.798-03:00[0;39m [32m INFO[0;39m [35m76711[0;39m [2m---[0;39m [2m[crmshot-backend] [  restartedMain][0;39m [2m[0;39m[36mj.LocalContainerEntityManagerFactoryBean[0;39m [2m:[0;39m Initialized JPA EntityManagerFactory for persistence unit 'default'
[2m2025-09-12T19:45:28.886-03:00[0;39m [32m INFO[0;39m [35m76711[0;39m [2m---[0;39m [2m[crmshot-backend] [  restartedMain][0;39m [2m[0;39m[36mo.s.d.j.r.query.QueryEnhancerFactory    [0;39m [2m:[0;39m Hibernate is in classpath; If applicable, HQL parser will be used.
[2m2025-09-12T19:45:29.118-03:00[0;39m [32mDEBUG[0;39m [35m76711[0;39m [2m---[0;39m [2m[crmshot-backend] [  restartedMain][0;39m [2m[0;39m[36mc.c.security.JwtAuthenticationFilter    [0;39m [2m:[0;39m Filter 'jwtAuthenticationFilter' configured for use
[2m2025-09-12T19:45:29.373-03:00[0;39m [33m WARN[0;39m [35m76711[0;39m [2m---[0;39m [2m[crmshot-backend] [  restartedMain][0;39m [2m[0;39m[36mJpaBaseConfiguration$JpaWebConfiguration[0;39m [2m:[0;39m spring.jpa.open-in-view is enabled by default. Therefore, database queries may be performed during view rendering. Explicitly configure spring.jpa.open-in-view to disable this warning
[2m2025-09-12T19:45:29.415-03:00[0;39m [32m INFO[0;39m [35m76711[0;39m [2m---[0;39m [2m[crmshot-backend] [  restartedMain][0;39m [2m[0;39m[36mo.s.s.web.DefaultSecurityFilterChain    [0;39m [2m:[0;39m Will secure any request with [org.springframework.security.web.session.DisableEncodeUrlFilter@18b8bcb1, org.springframework.security.web.context.request.async.WebAsyncManagerIntegrationFilter@3129bdb3, org.springframework.security.web.context.SecurityContextHolderFilter@46aa5fe0, org.springframework.security.web.header.HeaderWriterFilter@1ed9b285, org.springframework.security.web.authentication.logout.LogoutFilter@554325d7, org.springframework.security.web.savedrequest.RequestCacheAwareFilter@74cd5e31, org.springframework.security.web.servletapi.SecurityContextHolderAwareRequestFilter@3a2cdd90, org.springframework.security.web.authentication.AnonymousAuthenticationFilter@79dd2174, org.springframework.security.web.session.SessionManagementFilter@5dc78486, org.springframework.security.web.access.ExceptionTranslationFilter@3a3c8d0b, org.springframework.security.web.access.intercept.AuthorizationFilter@67a9d23f]
[2m2025-09-12T19:45:29.535-03:00[0;39m [32m INFO[0;39m [35m76711[0;39m [2m---[0;39m [2m[crmshot-backend] [  restartedMain][0;39m [2m[0;39m[36mo.s.b.d.a.OptionalLiveReloadServer      [0;39m [2m:[0;39m LiveReload server is running on port 35729
[2m2025-09-12T19:45:29.547-03:00[0;39m [32m INFO[0;39m [35m76711[0;39m [2m---[0;39m [2m[crmshot-backend] [  restartedMain][0;39m [2m[0;39m[36mo.s.b.w.embedded.tomcat.TomcatWebServer [0;39m [2m:[0;39m Tomcat started on port 8080 (http) with context path '/api'
[2m2025-09-12T19:45:29.550-03:00[0;39m [32m INFO[0;39m [35m76711[0;39m [2m---[0;39m [2m[crmshot-backend] [  restartedMain][0;39m [2m[0;39m[36mcom.crmshot.CrmshotApplication          [0;39m [2m:[0;39m Started CrmshotApplication in 2.187 seconds (process running for 2.365)
[2m2025-09-12T19:45:29.572-03:00[0;39m [32mDEBUG[0;39m [35m76711[0;39m [2m---[0;39m [2m[crmshot-backend] [  restartedMain][0;39m [2m[0;39m[36morg.hibernate.SQL                       [0;39m [2m:[0;39m 
    select
        count(*) 
    from
        usuarios u1_0
Hibernate: 
    select
        count(*) 
    from
        usuarios u1_0
[2m2025-09-12T19:45:55.775-03:00[0;39m [32m INFO[0;39m [35m76711[0;39m [2m---[0;39m [2m[crmshot-backend] [nio-8080-exec-1][0;39m [2m[0;39m[36mo.a.c.c.C.[Tomcat].[localhost].[/api]   [0;39m [2m:[0;39m Initializing Spring DispatcherServlet 'dispatcherServlet'
[2m2025-09-12T19:45:55.778-03:00[0;39m [32m INFO[0;39m [35m76711[0;39m [2m---[0;39m [2m[crmshot-backend] [nio-8080-exec-1][0;39m [2m[0;39m[36mo.s.web.servlet.DispatcherServlet       [0;39m [2m:[0;39m Initializing Servlet 'dispatcherServlet'
[2m2025-09-12T19:45:55.780-03:00[0;39m [32m INFO[0;39m [35m76711[0;39m [2m---[0;39m [2m[crmshot-backend] [nio-8080-exec-1][0;39m [2m[0;39m[36mo.s.web.servlet.DispatcherServlet       [0;39m [2m:[0;39m Completed initialization in 2 ms
[2m2025-09-12T19:45:55.785-03:00[0;39m [32mDEBUG[0;39m [35m76711[0;39m [2m---[0;39m [2m[crmshot-backend] [nio-8080-exec-1][0;39m [2m[0;39m[36mo.s.security.web.FilterChainProxy       [0;39m [2m:[0;39m Securing GET /test/hello
[2m2025-09-12T19:45:55.788-03:00[0;39m [32mDEBUG[0;39m [35m76711[0;39m [2m---[0;39m [2m[crmshot-backend] [nio-8080-exec-1][0;39m [2m[0;39m[36mo.s.s.w.a.AnonymousAuthenticationFilter [0;39m [2m:[0;39m Set SecurityContextHolder to anonymous SecurityContext
[2m2025-09-12T19:45:55.788-03:00[0;39m [32mDEBUG[0;39m [35m76711[0;39m [2m---[0;39m [2m[crmshot-backend] [nio-8080-exec-1][0;39m [2m[0;39m[36mo.s.security.web.FilterChainProxy       [0;39m [2m:[0;39m Secured GET /test/hello
[2m2025-09-12T19:45:55.802-03:00[0;39m [32mDEBUG[0;39m [35m76711[0;39m [2m---[0;39m [2m[crmshot-backend] [nio-8080-exec-1][0;39m [2m[0;39m[36mo.s.security.web.FilterChainProxy       [0;39m [2m:[0;39m Securing GET /error
[2m2025-09-12T19:45:55.803-03:00[0;39m [32mDEBUG[0;39m [35m76711[0;39m [2m---[0;39m [2m[crmshot-backend] [nio-8080-exec-1][0;39m [2m[0;39m[36mo.s.security.web.FilterChainProxy       [0;39m [2m:[0;39m Secured GET /error
[2m2025-09-12T19:45:55.860-03:00[0;39m [32mDEBUG[0;39m [35m76711[0;39m [2m---[0;39m [2m[crmshot-backend] [nio-8080-exec-1][0;39m [2m[0;39m[36mo.s.s.w.a.AnonymousAuthenticationFilter [0;39m [2m:[0;39m Set SecurityContextHolder to anonymous SecurityContext
[2m2025-09-12T19:45:55.868-03:00[0;39m [32mDEBUG[0;39m [35m76711[0;39m [2m---[0;39m [2m[crmshot-backend] [nio-8080-exec-2][0;39m [2m[0;39m[36mo.s.security.web.FilterChainProxy       [0;39m [2m:[0;39m Securing POST /auth/login
[2m2025-09-12T19:45:55.869-03:00[0;39m [32mDEBUG[0;39m [35m76711[0;39m [2m---[0;39m [2m[crmshot-backend] [nio-8080-exec-2][0;39m [2m[0;39m[36mo.s.s.w.a.AnonymousAuthenticationFilter [0;39m [2m:[0;39m Set SecurityContextHolder to anonymous SecurityContext
[2m2025-09-12T19:45:55.869-03:00[0;39m [32mDEBUG[0;39m [35m76711[0;39m [2m---[0;39m [2m[crmshot-backend] [nio-8080-exec-2][0;39m [2m[0;39m[36mo.s.security.web.FilterChainProxy       [0;39m [2m:[0;39m Secured POST /auth/login
[2m2025-09-12T19:45:55.870-03:00[0;39m [32mDEBUG[0;39m [35m76711[0;39m [2m---[0;39m [2m[crmshot-backend] [nio-8080-exec-2][0;39m [2m[0;39m[36mo.s.security.web.FilterChainProxy       [0;39m [2m:[0;39m Securing POST /error
[2m2025-09-12T19:45:55.870-03:00[0;39m [32mDEBUG[0;39m [35m76711[0;39m [2m---[0;39m [2m[crmshot-backend] [nio-8080-exec-2][0;39m [2m[0;39m[36mo.s.security.web.FilterChainProxy       [0;39m [2m:[0;39m Secured POST /error
[2m2025-09-12T19:45:55.871-03:00[0;39m [32mDEBUG[0;39m [35m76711[0;39m [2m---[0;39m [2m[crmshot-backend] [nio-8080-exec-2][0;39m [2m[0;39m[36mo.s.s.w.a.AnonymousAuthenticationFilter [0;39m [2m:[0;39m Set SecurityContextHolder to anonymous SecurityContext
[2m2025-09-12T19:46:09.650-03:00[0;39m [32mDEBUG[0;39m [35m76711[0;39m [2m---[0;39m [2m[crmshot-backend] [nio-8080-exec-4][0;39m [2m[0;39m[36mo.s.security.web.FilterChainProxy       [0;39m [2m:[0;39m Securing GET /test
[2m2025-09-12T19:46:09.657-03:00[0;39m [32mDEBUG[0;39m [35m76711[0;39m [2m---[0;39m [2m[crmshot-backend] [nio-8080-exec-4][0;39m [2m[0;39m[36mo.s.s.w.a.AnonymousAuthenticationFilter [0;39m [2m:[0;39m Set SecurityContextHolder to anonymous SecurityContext
[2m2025-09-12T19:46:09.658-03:00[0;39m [32mDEBUG[0;39m [35m76711[0;39m [2m---[0;39m [2m[crmshot-backend] [nio-8080-exec-4][0;39m [2m[0;39m[36mo.s.security.web.FilterChainProxy       [0;39m [2m:[0;39m Secured GET /test
[2m2025-09-12T20:22:05.280-03:00[0;39m [33m WARN[0;39m [35m76711[0;39m [2m---[0;39m [2m[crmshot-backend] [l-1 housekeeper][0;39m [2m[0;39m[36mcom.zaxxer.hikari.pool.HikariPool       [0;39m [2m:[0;39m HikariPool-1 - Thread starvation or clock leap detected (housekeeper delta=15m30s328ms).
[2m2025-09-12T20:27:00.211-03:00[0;39m [33m WARN[0;39m [35m76711[0;39m [2m---[0;39m [2m[crmshot-backend] [l-1 housekeeper][0;39m [2m[0;39m[36mcom.zaxxer.hikari.pool.HikariPool       [0;39m [2m:[0;39m HikariPool-1 - Thread starvation or clock leap detected (housekeeper delta=2m24s907ms).
[2m2025-09-12T20:48:11.719-03:00[0;39m [33m WARN[0;39m [35m76711[0;39m [2m---[0;39m [2m[crmshot-backend] [l-1 housekeeper][0;39m [2m[0;39m[36mcom.zaxxer.hikari.pool.HikariPool       [0;39m [2m:[0;39m HikariPool-1 - Thread starvation or clock leap detected (housekeeper delta=16m11s451ms).
[2m2025-09-12T21:32:07.052-03:00[0;39m [33m WARN[0;39m [35m76711[0;39m [2m---[0;39m [2m[crmshot-backend] [l-1 housekeeper][0;39m [2m[0;39m[36mcom.zaxxer.hikari.pool.HikariPool       [0;39m [2m:[0;39m HikariPool-1 - Thread starvation or clock leap detected (housekeeper delta=5m24s835ms).
[2m2025-09-12T21:41:25.377-03:00[0;39m [33m WARN[0;39m [35m76711[0;39m [2m---[0;39m [2m[crmshot-backend] [l-1 housekeeper][0;39m [2m[0;39m[36mcom.zaxxer.hikari.pool.HikariPool       [0;39m [2m:[0;39m HikariPool-1 - Thread starvation or clock leap detected (housekeeper delta=9m18s326ms).
[2m2025-09-12T21:52:30.084-03:00[0;39m [33m WARN[0;39m [35m76711[0;39m [2m---[0;39m [2m[crmshot-backend] [l-1 housekeeper][0;39m [2m[0;39m[36mcom.zaxxer.hikari.pool.HikariPool       [0;39m [2m:[0;39m HikariPool-1 - Thread starvation or clock leap detected (housekeeper delta=10m34s704ms).
[2m2025-09-12T22:06:17.713-03:00[0;39m [33m WARN[0;39m [35m76711[0;39m [2m---[0;39m [2m[crmshot-backend] [l-1 housekeeper][0;39m [2m[0;39m[36mcom.zaxxer.hikari.pool.HikariPool       [0;39m [2m:[0;39m HikariPool-1 - Thread starvation or clock leap detected (housekeeper delta=13m47s628ms).
[2m2025-09-12T22:15:39.149-03:00[0;39m [33m WARN[0;39m [35m76711[0;39m [2m---[0;39m [2m[crmshot-backend] [l-1 housekeeper][0;39m [2m[0;39m[36mcom.zaxxer.hikari.pool.HikariPool       [0;39m [2m:[0;39m HikariPool-1 - Thread starvation or clock leap detected (housekeeper delta=6m51s400ms).
[2m2025-09-12T22:34:19.808-03:00[0;39m [33m WARN[0;39m [35m76711[0;39m [2m---[0;39m [2m[crmshot-backend] [l-1 housekeeper][0;39m [2m[0;39m[36mcom.zaxxer.hikari.pool.HikariPool       [0;39m [2m:[0;39m HikariPool-1 - Thread starvation or clock leap detected (housekeeper delta=8m10s502ms).
[2m2025-09-12T23:35:12.481-03:00[0;39m [33m WARN[0;39m [35m76711[0;39m [2m---[0;39m [2m[crmshot-backend] [l-1 housekeeper][0;39m [2m[0;39m[36mcom.zaxxer.hikari.pool.HikariPool       [0;39m [2m:[0;39m HikariPool-1 - Thread starvation or clock leap detected (housekeeper delta=51s860ms).
[2m2025-09-12T23:49:42.889-03:00[0;39m [33m WARN[0;39m [35m76711[0;39m [2m---[0;39m [2m[crmshot-backend] [l-1 housekeeper][0;39m [2m[0;39m[36mcom.zaxxer.hikari.pool.HikariPool       [0;39m [2m:[0;39m HikariPool-1 - Thread starvation or clock leap detected (housekeeper delta=6m294ms).
[2m2025-09-12T23:56:57.958-03:00[0;39m [32m INFO[0;39m [35m76711[0;39m [2m---[0;39m [2m[crmshot-backend] [   File Watcher][0;39m [2m[0;39m[36mrtingClassPathChangeChangedEventListener[0;39m [2m:[0;39m Restarting due to 1 class path change (1 addition, 0 deletions, 0 modifications)
[2m2025-09-12T23:56:57.985-03:00[0;39m [32m INFO[0;39m [35m76711[0;39m [2m---[0;39m [2m[crmshot-backend] [       Thread-5][0;39m [2m[0;39m[36mj.LocalContainerEntityManagerFactoryBean[0;39m [2m:[0;39m Closing JPA EntityManagerFactory for persistence unit 'default'
[2m2025-09-12T23:56:57.994-03:00[0;39m [32m INFO[0;39m [35m76711[0;39m [2m---[0;39m [2m[crmshot-backend] [       Thread-5][0;39m [2m[0;39m[36mcom.zaxxer.hikari.HikariDataSource      [0;39m [2m:[0;39m HikariPool-1 - Shutdown initiated...
[2m2025-09-12T23:56:57.996-03:00[0;39m [32m INFO[0;39m [35m76711[0;39m [2m---[0;39m [2m[crmshot-backend] [       Thread-5][0;39m [2m[0;39m[36mcom.zaxxer.hikari.HikariDataSource      [0;39m [2m:[0;39m HikariPool-1 - Shutdown completed.

  .   ____          _            __ _ _
 /\\ / ___'_ __ _ _(_)_ __  __ _ \ \ \ \
( ( )\___ | '_ | '_| | '_ \/ _` | \ \ \ \
 \\/  ___)| |_)| | | | | || (_| |  ) ) ) )
  '  |____| .__|_| |_|_| |_\__, | / / / /
 =========|_|==============|___/=/_/_/_/
[32m :: Spring Boot :: [39m              [2m (v3.2.0)[0;39m

[2m2025-09-12T23:56:58.066-03:00[0;39m [32m INFO[0;39m [35m76711[0;39m [2m---[0;39m [2m[crmshot-backend] [  restartedMain][0;39m [2m[0;39m[36mcom.crmshot.CrmshotApplication          [0;39m [2m:[0;39m Starting CrmshotApplication using Java 23.0.2 with PID 76711 (/Users/leonardorocha/Documents/TCC/projeto/backend/target/classes started by leonardorocha in /Users/leonardorocha/Documents/TCC/projeto/backend)
[2m2025-09-12T23:56:58.066-03:00[0;39m [32mDEBUG[0;39m [35m76711[0;39m [2m---[0;39m [2m[crmshot-backend] [  restartedMain][0;39m [2m[0;39m[36mcom.crmshot.CrmshotApplication          [0;39m [2m:[0;39m Running with Spring Boot v3.2.0, Spring v6.1.1
[2m2025-09-12T23:56:58.066-03:00[0;39m [32m INFO[0;39m [35m76711[0;39m [2m---[0;39m [2m[crmshot-backend] [  restartedMain][0;39m [2m[0;39m[36mcom.crmshot.CrmshotApplication          [0;39m [2m:[0;39m No active profile set, falling back to 1 default profile: "default"
[2m2025-09-12T23:56:58.147-03:00[0;39m [32m INFO[0;39m [35m76711[0;39m [2m---[0;39m [2m[crmshot-backend] [  restartedMain][0;39m [2m[0;39m[36m.s.d.r.c.RepositoryConfigurationDelegate[0;39m [2m:[0;39m Bootstrapping Spring Data JPA repositories in DEFAULT mode.
[2m2025-09-12T23:56:58.152-03:00[0;39m [32m INFO[0;39m [35m76711[0;39m [2m---[0;39m [2m[crmshot-backend] [  restartedMain][0;39m [2m[0;39m[36m.s.d.r.c.RepositoryConfigurationDelegate[0;39m [2m:[0;39m Finished Spring Data repository scanning in 5 ms. Found 4 JPA repository interfaces.
[2m2025-09-12T23:56:58.211-03:00[0;39m [32m INFO[0;39m [35m76711[0;39m [2m---[0;39m [2m[crmshot-backend] [  restartedMain][0;39m [2m[0;39m[36mo.s.b.w.embedded.tomcat.TomcatWebServer [0;39m [2m:[0;39m Tomcat initialized with port 8080 (http)
[2m2025-09-12T23:56:58.211-03:00[0;39m [32m INFO[0;39m [35m76711[0;39m [2m---[0;39m [2m[crmshot-backend] [  restartedMain][0;39m [2m[0;39m[36mo.apache.catalina.core.StandardService  [0;39m [2m:[0;39m Starting service [Tomcat]
[2m2025-09-12T23:56:58.211-03:00[0;39m [32m INFO[0;39m [35m76711[0;39m [2m---[0;39m [2m[crmshot-backend] [  restartedMain][0;39m [2m[0;39m[36mo.apache.catalina.core.StandardEngine   [0;39m [2m:[0;39m Starting Servlet engine: [Apache Tomcat/10.1.16]
[2m2025-09-12T23:56:58.215-03:00[0;39m [32m INFO[0;39m [35m76711[0;39m [2m---[0;39m [2m[crmshot-backend] [  restartedMain][0;39m [2m[0;39m[36mo.a.c.c.C.[Tomcat].[localhost].[/api]   [0;39m [2m:[0;39m Initializing Spring embedded WebApplicationContext
[2m2025-09-12T23:56:58.215-03:00[0;39m [32m INFO[0;39m [35m76711[0;39m [2m---[0;39m [2m[crmshot-backend] [  restartedMain][0;39m [2m[0;39m[36mw.s.c.ServletWebServerApplicationContext[0;39m [2m:[0;39m Root WebApplicationContext: initialization completed in 148 ms
[2m2025-09-12T23:56:58.222-03:00[0;39m [32m INFO[0;39m [35m76711[0;39m [2m---[0;39m [2m[crmshot-backend] [  restartedMain][0;39m [2m[0;39m[36mcom.zaxxer.hikari.HikariDataSource      [0;39m [2m:[0;39m HikariPool-2 - Starting...
[2m2025-09-12T23:56:58.246-03:00[0;39m [32m INFO[0;39m [35m76711[0;39m [2m---[0;39m [2m[crmshot-backend] [  restartedMain][0;39m [2m[0;39m[36mcom.zaxxer.hikari.pool.HikariPool       [0;39m [2m:[0;39m HikariPool-2 - Added connection org.postgresql.jdbc.PgConnection@3fe8cd74
[2m2025-09-12T23:56:58.246-03:00[0;39m [32m INFO[0;39m [35m76711[0;39m [2m---[0;39m [2m[crmshot-backend] [  restartedMain][0;39m [2m[0;39m[36mcom.zaxxer.hikari.HikariDataSource      [0;39m [2m:[0;39m HikariPool-2 - Start completed.
[2m2025-09-12T23:56:58.246-03:00[0;39m [32m INFO[0;39m [35m76711[0;39m [2m---[0;39m [2m[crmshot-backend] [  restartedMain][0;39m [2m[0;39m[36mo.s.b.a.h2.H2ConsoleAutoConfiguration   [0;39m [2m:[0;39m H2 console available at '/h2-console'. Database available at 'jdbc:postgresql://localhost:5432/crmshot'
[2m2025-09-12T23:56:58.258-03:00[0;39m [32m INFO[0;39m [35m76711[0;39m [2m---[0;39m [2m[crmshot-backend] [  restartedMain][0;39m [2m[0;39m[36mo.hibernate.jpa.internal.util.LogHelper [0;39m [2m:[0;39m HHH000204: Processing PersistenceUnitInfo [name: default]
[2m2025-09-12T23:56:58.259-03:00[0;39m [32m INFO[0;39m [35m76711[0;39m [2m---[0;39m [2m[crmshot-backend] [  restartedMain][0;39m [2m[0;39m[36mo.h.c.internal.RegionFactoryInitiator   [0;39m [2m:[0;39m HHH000026: Second-level cache disabled
[2m2025-09-12T23:56:58.260-03:00[0;39m [32m INFO[0;39m [35m76711[0;39m [2m---[0;39m [2m[crmshot-backend] [  restartedMain][0;39m [2m[0;39m[36mo.s.o.j.p.SpringPersistenceUnitInfo     [0;39m [2m:[0;39m No LoadTimeWeaver setup: ignoring JPA class transformer
[2m2025-09-12T23:56:58.266-03:00[0;39m [33m WARN[0;39m [35m76711[0;39m [2m---[0;39m [2m[crmshot-backend] [  restartedMain][0;39m [2m[0;39m[36morg.hibernate.orm.deprecation           [0;39m [2m:[0;39m HHH90000025: PostgreSQLDialect does not need to be specified explicitly using 'hibernate.dialect' (remove the property setting and it will be selected by default)
[2m2025-09-12T23:56:58.325-03:00[0;39m [32m INFO[0;39m [35m76711[0;39m [2m---[0;39m [2m[crmshot-backend] [  restartedMain][0;39m [2m[0;39m[36mo.h.e.t.j.p.i.JtaPlatformInitiator      [0;39m [2m:[0;39m HHH000489: No JTA platform available (set 'hibernate.transaction.jta.platform' to enable JTA platform integration)
[2m2025-09-12T23:56:58.366-03:00[0;39m [32m INFO[0;39m [35m76711[0;39m [2m---[0;39m [2m[crmshot-backend] [  restartedMain][0;39m [2m[0;39m[36mj.LocalContainerEntityManagerFactoryBean[0;39m [2m:[0;39m Initialized JPA EntityManagerFactory for persistence unit 'default'
[2m2025-09-12T23:56:58.399-03:00[0;39m [32mDEBUG[0;39m [35m76711[0;39m [2m---[0;39m [2m[crmshot-backend] [  restartedMain][0;39m [2m[0;39m[36mc.c.security.JwtAuthenticationFilter    [0;39m [2m:[0;39m Filter 'jwtAuthenticationFilter' configured for use
[2m2025-09-12T23:56:58.474-03:00[0;39m [33m WARN[0;39m [35m76711[0;39m [2m---[0;39m [2m[crmshot-backend] [  restartedMain][0;39m [2m[0;39m[36mJpaBaseConfiguration$JpaWebConfiguration[0;39m [2m:[0;39m spring.jpa.open-in-view is enabled by default. Therefore, database queries may be performed during view rendering. Explicitly configure spring.jpa.open-in-view to disable this warning
[2m2025-09-12T23:56:58.481-03:00[0;39m [32m INFO[0;39m [35m76711[0;39m [2m---[0;39m [2m[crmshot-backend] [  restartedMain][0;39m [2m[0;39m[36mo.s.s.web.DefaultSecurityFilterChain    [0;39m [2m:[0;39m Will secure any request with [org.springframework.security.web.session.DisableEncodeUrlFilter@50f78644, org.springframework.security.web.context.request.async.WebAsyncManagerIntegrationFilter@1c0d38f1, org.springframework.security.web.context.SecurityContextHolderFilter@316b3826, org.springframework.security.web.header.HeaderWriterFilter@7a73dacf, org.springframework.security.web.authentication.logout.LogoutFilter@642a13f4, org.springframework.security.web.savedrequest.RequestCacheAwareFilter@1d3001ee, org.springframework.security.web.servletapi.SecurityContextHolderAwareRequestFilter@79f11525, org.springframework.security.web.authentication.AnonymousAuthenticationFilter@72ca4d1e, org.springframework.security.web.session.SessionManagementFilter@eccd3ed, org.springframework.security.web.access.ExceptionTranslationFilter@39f2b0bd, org.springframework.security.web.access.intercept.AuthorizationFilter@61e02786]
[2m2025-09-12T23:56:58.524-03:00[0;39m [32m INFO[0;39m [35m76711[0;39m [2m---[0;39m [2m[crmshot-backend] [  restartedMain][0;39m [2m[0;39m[36mo.s.b.d.a.OptionalLiveReloadServer      [0;39m [2m:[0;39m LiveReload server is running on port 35729
[2m2025-09-12T23:56:58.527-03:00[0;39m [32m INFO[0;39m [35m76711[0;39m [2m---[0;39m [2m[crmshot-backend] [  restartedMain][0;39m [2m[0;39m[36mo.s.b.w.embedded.tomcat.TomcatWebServer [0;39m [2m:[0;39m Tomcat started on port 8080 (http) with context path '/api'
[2m2025-09-12T23:56:58.529-03:00[0;39m [32m INFO[0;39m [35m76711[0;39m [2m---[0;39m [2m[crmshot-backend] [  restartedMain][0;39m [2m[0;39m[36mcom.crmshot.CrmshotApplication          [0;39m [2m:[0;39m Started CrmshotApplication in 0.479 seconds (process running for 9708.793)
[2m2025-09-12T23:56:58.530-03:00[0;39m [32mDEBUG[0;39m [35m76711[0;39m [2m---[0;39m [2m[crmshot-backend] [  restartedMain][0;39m [2m[0;39m[36morg.hibernate.SQL                       [0;39m [2m:[0;39m 
    select
        count(*) 
    from
        usuarios u1_0
Hibernate: 
    select
        count(*) 
    from
        usuarios u1_0
[2m2025-09-12T23:56:58.531-03:00[0;39m [32m INFO[0;39m [35m76711[0;39m [2m---[0;39m [2m[crmshot-backend] [  restartedMain][0;39m [2m[0;39m[36m.ConditionEvaluationDeltaLoggingListener[0;39m [2m:[0;39m Condition evaluation unchanged
[2m2025-09-13T00:07:21.403-03:00[0;39m [33m WARN[0;39m [35m76711[0;39m [2m---[0;39m [2m[crmshot-backend] [l-2 housekeeper][0;39m [2m[0;39m[36mcom.zaxxer.hikari.pool.HikariPool       [0;39m [2m:[0;39m HikariPool-2 - Thread starvation or clock leap detected (housekeeper delta=3m22s941ms).
[2m2025-09-13T00:18:55.994-03:00[0;39m [33m WARN[0;39m [35m76711[0;39m [2m---[0;39m [2m[crmshot-backend] [l-2 housekeeper][0;39m [2m[0;39m[36mcom.zaxxer.hikari.pool.HikariPool       [0;39m [2m:[0;39m HikariPool-2 - Thread starvation or clock leap detected (housekeeper delta=4m52s73ms).
[2m2025-09-13T00:23:19.194-03:00[0;39m [33m WARN[0;39m [35m76711[0;39m [2m---[0;39m [2m[crmshot-backend] [l-2 housekeeper][0;39m [2m[0;39m[36mcom.zaxxer.hikari.pool.HikariPool       [0;39m [2m:[0;39m HikariPool-2 - Thread starvation or clock leap detected (housekeeper delta=2m53s185ms).
[2m2025-09-13T00:24:47.229-03:00[0;39m [33m WARN[0;39m [35m76711[0;39m [2m---[0;39m [2m[crmshot-backend] [l-2 housekeeper][0;39m [2m[0;39m[36mcom.zaxxer.hikari.pool.HikariPool       [0;39m [2m:[0;39m HikariPool-2 - Thread starvation or clock leap detected (housekeeper delta=58s23ms).
[2m2025-09-13T00:31:40.327-03:00[0;39m [33m WARN[0;39m [35m76711[0;39m [2m---[0;39m [2m[crmshot-backend] [l-2 housekeeper][0;39m [2m[0;39m[36mcom.zaxxer.hikari.pool.HikariPool       [0;39m [2m:[0;39m HikariPool-2 - Thread starvation or clock leap detected (housekeeper delta=6m23s86ms).
[2m2025-09-13T00:35:02.141-03:00[0;39m [33m WARN[0;39m [35m76711[0;39m [2m---[0;39m [2m[crmshot-backend] [l-2 housekeeper][0;39m [2m[0;39m[36mcom.zaxxer.hikari.pool.HikariPool       [0;39m [2m:[0;39m HikariPool-2 - Thread starvation or clock leap detected (housekeeper delta=1m51s784ms).
[2m2025-09-13T00:37:38.850-03:00[0;39m [33m WARN[0;39m [35m76711[0;39m [2m---[0;39m [2m[crmshot-backend] [l-2 housekeeper][0;39m [2m[0;39m[36mcom.zaxxer.hikari.pool.HikariPool       [0;39m [2m:[0;39m HikariPool-2 - Thread starvation or clock leap detected (housekeeper delta=2m36s709ms).
[2m2025-09-13T00:39:09.673-03:00[0;39m [33m WARN[0;39m [35m76711[0;39m [2m---[0;39m [2m[crmshot-backend] [l-2 housekeeper][0;39m [2m[0;39m[36mcom.zaxxer.hikari.pool.HikariPool       [0;39m [2m:[0;39m HikariPool-2 - Thread starvation or clock leap detected (housekeeper delta=1m813ms).
[2m2025-09-13T00:40:06.022-03:00[0;39m [33m WARN[0;39m [35m76711[0;39m [2m---[0;39m [2m[crmshot-backend] [l-2 housekeeper][0;39m [2m[0;39m[36mcom.zaxxer.hikari.pool.HikariPool       [0;39m [2m:[0;39m HikariPool-2 - Thread starvation or clock leap detected (housekeeper delta=56s349ms).
[2m2025-09-13T00:52:28.342-03:00[0;39m [33m WARN[0;39m [35m76711[0;39m [2m---[0;39m [2m[crmshot-backend] [l-2 housekeeper][0;39m [2m[0;39m[36mcom.zaxxer.hikari.pool.HikariPool       [0;39m [2m:[0;39m HikariPool-2 - Thread starvation or clock leap detected (housekeeper delta=5m52s248ms).
[2m2025-09-13T00:55:24.284-03:00[0;39m [33m WARN[0;39m [35m76711[0;39m [2m---[0;39m [2m[crmshot-backend] [l-2 housekeeper][0;39m [2m[0;39m[36mcom.zaxxer.hikari.pool.HikariPool       [0;39m [2m:[0;39m HikariPool-2 - Thread starvation or clock leap detected (housekeeper delta=2m25s928ms).
[2m2025-09-13T01:00:55.376-03:00[0;39m [33m WARN[0;39m [35m76711[0;39m [2m---[0;39m [2m[crmshot-backend] [l-2 housekeeper][0;39m [2m[0;39m[36mcom.zaxxer.hikari.pool.HikariPool       [0;39m [2m:[0;39m HikariPool-2 - Thread starvation or clock leap detected (housekeeper delta=52s130ms).
[2m2025-09-13T01:06:29.649-03:00[0;39m [33m WARN[0;39m [35m76711[0;39m [2m---[0;39m [2m[crmshot-backend] [l-2 housekeeper][0;39m [2m[0;39m[36mcom.zaxxer.hikari.pool.HikariPool       [0;39m [2m:[0;39m HikariPool-2 - Thread starvation or clock leap detected (housekeeper delta=4m4s253ms).
[2m2025-09-13T01:10:21.503-03:00[0;39m [33m WARN[0;39m [35m76711[0;39m [2m---[0;39m [2m[crmshot-backend] [l-2 housekeeper][0;39m [2m[0;39m[36mcom.zaxxer.hikari.pool.HikariPool       [0;39m [2m:[0;39m HikariPool-2 - Thread starvation or clock leap detected (housekeeper delta=1m9s366ms).
[2m2025-09-13T01:13:09.030-03:00[0;39m [33m WARN[0;39m [35m76711[0;39m [2m---[0;39m [2m[crmshot-backend] [l-2 housekeeper][0;39m [2m[0;39m[36mcom.zaxxer.hikari.pool.HikariPool       [0;39m [2m:[0;39m HikariPool-2 - Thread starvation or clock leap detected (housekeeper delta=1m17s509ms).
[2m2025-09-13T01:16:20.665-03:00[0;39m [33m WARN[0;39m [35m76711[0;39m [2m---[0;39m [2m[crmshot-backend] [l-2 housekeeper][0;39m [2m[0;39m[36mcom.zaxxer.hikari.pool.HikariPool       [0;39m [2m:[0;39m HikariPool-2 - Thread starvation or clock leap detected (housekeeper delta=1m11s597ms).
[2m2025-09-13T01:18:04.172-03:00[0;39m [33m WARN[0;39m [35m76711[0;39m [2m---[0;39m [2m[crmshot-backend] [l-2 housekeeper][0;39m [2m[0;39m[36mcom.zaxxer.hikari.pool.HikariPool       [0;39m [2m:[0;39m HikariPool-2 - Thread starvation or clock leap detected (housekeeper delta=1m13s492ms).
[2m2025-09-13T01:20:15.406-03:00[0;39m [33m WARN[0;39m [35m76711[0;39m [2m---[0;39m [2m[crmshot-backend] [l-2 housekeeper][0;39m [2m[0;39m[36mcom.zaxxer.hikari.pool.HikariPool       [0;39m [2m:[0;39m HikariPool-2 - Thread starvation or clock leap detected (housekeeper delta=2m11s234ms).
[2m2025-09-13T01:23:51.950-03:00[0;39m [33m WARN[0;39m [35m76711[0;39m [2m---[0;39m [2m[crmshot-backend] [l-2 housekeeper][0;39m [2m[0;39m[36mcom.zaxxer.hikari.pool.HikariPool       [0;39m [2m:[0;39m HikariPool-2 - Thread starvation or clock leap detected (housekeeper delta=3m6s538ms).
[2m2025-09-13T01:29:44.889-03:00[0;39m [33m WARN[0;39m [35m76711[0;39m [2m---[0;39m [2m[crmshot-backend] [l-2 housekeeper][0;39m [2m[0;39m[36mcom.zaxxer.hikari.pool.HikariPool       [0;39m [2m:[0;39m HikariPool-2 - Thread starvation or clock leap detected (housekeeper delta=4m52s923ms).
[2m2025-09-13T01:42:08.289-03:00[0;39m [33m WARN[0;39m [35m76711[0;39m [2m---[0;39m [2m[crmshot-backend] [l-2 housekeeper][0;39m [2m[0;39m[36mcom.zaxxer.hikari.pool.HikariPool       [0;39m [2m:[0;39m HikariPool-2 - Thread starvation or clock leap detected (housekeeper delta=10m53s366ms).
[2m2025-09-13T01:44:19.006-03:00[0;39m [33m WARN[0;39m [35m76711[0;39m [2m---[0;39m [2m[crmshot-backend] [l-2 housekeeper][0;39m [2m[0;39m[36mcom.zaxxer.hikari.pool.HikariPool       [0;39m [2m:[0;39m HikariPool-2 - Thread starvation or clock leap detected (housekeeper delta=2m10s718ms).
[2m2025-09-13T02:00:48.860-03:00[0;39m [33m WARN[0;39m [35m76711[0;39m [2m---[0;39m [2m[crmshot-backend] [l-2 housekeeper][0;39m [2m[0;39m[36mcom.zaxxer.hikari.pool.HikariPool       [0;39m [2m:[0;39m HikariPool-2 - Thread starvation or clock leap detected (housekeeper delta=15m29s831ms).
[2m2025-09-13T02:03:30.036-03:00[0;39m [33m WARN[0;39m [35m76711[0;39m [2m---[0;39m [2m[crmshot-backend] [l-2 housekeeper][0;39m [2m[0;39m[36mcom.zaxxer.hikari.pool.HikariPool       [0;39m [2m:[0;39m HikariPool-2 - Thread starvation or clock leap detected (housekeeper delta=1m11s148ms).
[2m2025-09-13T02:19:51.716-03:00[0;39m [33m WARN[0;39m [35m76711[0;39m [2m---[0;39m [2m[crmshot-backend] [l-2 housekeeper][0;39m [2m[0;39m[36mcom.zaxxer.hikari.pool.HikariPool       [0;39m [2m:[0;39m HikariPool-2 - Thread starvation or clock leap detected (housekeeper delta=15m51s667ms).
[2m2025-09-13T02:36:33.865-03:00[0;39m [33m WARN[0;39m [35m76711[0;39m [2m---[0;39m [2m[crmshot-backend] [l-2 housekeeper][0;39m [2m[0;39m[36mcom.zaxxer.hikari.pool.HikariPool       [0;39m [2m:[0;39m HikariPool-2 - Thread starvation or clock leap detected (housekeeper delta=15m42s111ms).
[2m2025-09-13T02:53:38.947-03:00[0;39m [33m WARN[0;39m [35m76711[0;39m [2m---[0;39m [2m[crmshot-backend] [l-2 housekeeper][0;39m [2m[0;39m[36mcom.zaxxer.hikari.pool.HikariPool       [0;39m [2m:[0;39m HikariPool-2 - Thread starvation or clock leap detected (housekeeper delta=16m5s73ms).
[2m2025-09-13T03:10:48.300-03:00[0;39m [33m WARN[0;39m [35m76711[0;39m [2m---[0;39m [2m[crmshot-backend] [l-2 housekeeper][0;39m [2m[0;39m[36mcom.zaxxer.hikari.pool.HikariPool       [0;39m [2m:[0;39m HikariPool-2 - Thread starvation or clock leap detected (housekeeper delta=15m39s331ms).
[2m2025-09-13T03:27:51.626-03:00[0;39m [33m WARN[0;39m [35m76711[0;39m [2m---[0;39m [2m[crmshot-backend] [l-2 housekeeper][0;39m [2m[0;39m[36mcom.zaxxer.hikari.pool.HikariPool       [0;39m [2m:[0;39m HikariPool-2 - Thread starvation or clock leap detected (housekeeper delta=16m3s320ms).
[2m2025-09-13T03:46:29.566-03:00[0;39m [33m WARN[0;39m [35m76711[0;39m [2m---[0;39m [2m[crmshot-backend] [l-2 housekeeper][0;39m [2m[0;39m[36mcom.zaxxer.hikari.pool.HikariPool       [0;39m [2m:[0;39m HikariPool-2 - Thread starvation or clock leap detected (housekeeper delta=17m7s924ms).
[2m2025-09-13T04:02:44.234-03:00[0;39m [33m WARN[0;39m [35m76711[0;39m [2m---[0;39m [2m[crmshot-backend] [l-2 housekeeper][0;39m [2m[0;39m[36mcom.zaxxer.hikari.pool.HikariPool       [0;39m [2m:[0;39m HikariPool-2 - Thread starvation or clock leap detected (housekeeper delta=15m14s661ms).
[2m2025-09-13T04:20:12.825-03:00[0;39m [33m WARN[0;39m [35m76711[0;39m [2m---[0;39m [2m[crmshot-backend] [l-2 housekeeper][0;39m [2m[0;39m[36mcom.zaxxer.hikari.pool.HikariPool       [0;39m [2m:[0;39m HikariPool-2 - Thread starvation or clock leap detected (housekeeper delta=16m58s583ms).
[2m2025-09-13T04:37:37.488-03:00[0;39m [33m WARN[0;39m [35m76711[0;39m [2m---[0;39m [2m[crmshot-backend] [l-2 housekeeper][0;39m [2m[0;39m[36mcom.zaxxer.hikari.pool.HikariPool       [0;39m [2m:[0;39m HikariPool-2 - Thread starvation or clock leap detected (housekeeper delta=16m24s648ms).
[2m2025-09-13T04:56:05.429-03:00[0;39m [33m WARN[0;39m [35m76711[0;39m [2m---[0;39m [2m[crmshot-backend] [l-2 housekeeper][0;39m [2m[0;39m[36mcom.zaxxer.hikari.pool.HikariPool       [0;39m [2m:[0;39m HikariPool-2 - Thread starvation or clock leap detected (housekeeper delta=16m57s908ms).
[2m2025-09-13T05:12:04.040-03:00[0;39m [33m WARN[0;39m [35m76711[0;39m [2m---[0;39m [2m[crmshot-backend] [l-2 housekeeper][0;39m [2m[0;39m[36mcom.zaxxer.hikari.pool.HikariPool       [0;39m [2m:[0;39m HikariPool-2 - Thread starvation or clock leap detected (housekeeper delta=15m58s611ms).
[2m2025-09-13T05:29:44.997-03:00[0;39m [33m WARN[0;39m [35m76711[0;39m [2m---[0;39m [2m[crmshot-backend] [l-2 housekeeper][0;39m [2m[0;39m[36mcom.zaxxer.hikari.pool.HikariPool       [0;39m [2m:[0;39m HikariPool-2 - Thread starvation or clock leap detected (housekeeper delta=15m40s934ms).
[2m2025-09-13T05:47:26.577-03:00[0;39m [33m WARN[0;39m [35m76711[0;39m [2m---[0;39m [2m[crmshot-backend] [l-2 housekeeper][0;39m [2m[0;39m[36mcom.zaxxer.hikari.pool.HikariPool       [0;39m [2m:[0;39m HikariPool-2 - Thread starvation or clock leap detected (housekeeper delta=16m11s561ms).
[2m2025-09-13T06:04:08.976-03:00[0;39m [33m WARN[0;39m [35m76711[0;39m [2m---[0;39m [2m[crmshot-backend] [l-2 housekeeper][0;39m [2m[0;39m[36mcom.zaxxer.hikari.pool.HikariPool       [0;39m [2m:[0;39m HikariPool-2 - Thread starvation or clock leap detected (housekeeper delta=14m42s385ms).
[2m2025-09-13T06:21:47.024-03:00[0;39m [33m WARN[0;39m [35m76711[0;39m [2m---[0;39m [2m[crmshot-backend] [l-2 housekeeper][0;39m [2m[0;39m[36mcom.zaxxer.hikari.pool.HikariPool       [0;39m [2m:[0;39m HikariPool-2 - Thread starvation or clock leap detected (housekeeper delta=15m38s7ms).
[2m2025-09-13T06:37:46.987-03:00[0;39m [33m WARN[0;39m [35m76711[0;39m [2m---[0;39m [2m[crmshot-backend] [l-2 housekeeper][0;39m [2m[0;39m[36mcom.zaxxer.hikari.pool.HikariPool       [0;39m [2m:[0;39m HikariPool-2 - Thread starvation or clock leap detected (housekeeper delta=15m29s959ms).
[2m2025-09-13T06:55:01.294-03:00[0;39m [33m WARN[0;39m [35m76711[0;39m [2m---[0;39m [2m[crmshot-backend] [l-2 housekeeper][0;39m [2m[0;39m[36mcom.zaxxer.hikari.pool.HikariPool       [0;39m [2m:[0;39m HikariPool-2 - Thread starvation or clock leap detected (housekeeper delta=17m14s308ms).
[2m2025-09-13T07:05:01.029-03:00[0;39m [33m WARN[0;39m [35m76711[0;39m [2m---[0;39m [2m[crmshot-backend] [l-2 housekeeper][0;39m [2m[0;39m[36mcom.zaxxer.hikari.pool.HikariPool       [0;39m [2m:[0;39m HikariPool-2 - Thread starvation or clock leap detected (housekeeper delta=6m29s684ms).
[2m2025-09-13T07:22:29.883-03:00[0;39m [33m WARN[0;39m [35m76711[0;39m [2m---[0;39m [2m[crmshot-backend] [l-2 housekeeper][0;39m [2m[0;39m[36mcom.zaxxer.hikari.pool.HikariPool       [0;39m [2m:[0;39m HikariPool-2 - Thread starvation or clock leap detected (housekeeper delta=15m58s825ms).
[2m2025-09-13T07:39:30.307-03:00[0;39m [33m WARN[0;39m [35m76711[0;39m [2m---[0;39m [2m[crmshot-backend] [l-2 housekeeper][0;39m [2m[0;39m[36mcom.zaxxer.hikari.pool.HikariPool       [0;39m [2m:[0;39m HikariPool-2 - Thread starvation or clock leap detected (housekeeper delta=15m30s396ms).
[2m2025-09-13T07:54:58.518-03:00[0;39m [33m WARN[0;39m [35m76711[0;39m [2m---[0;39m [2m[crmshot-backend] [l-2 housekeeper][0;39m [2m[0;39m[36mcom.zaxxer.hikari.pool.HikariPool       [0;39m [2m:[0;39m HikariPool-2 - Thread starvation or clock leap detected (housekeeper delta=15m28s212ms).
[2m2025-09-13T08:05:53.769-03:00[0;39m [33m WARN[0;39m [35m76711[0;39m [2m---[0;39m [2m[crmshot-backend] [l-2 housekeeper][0;39m [2m[0;39m[36mcom.zaxxer.hikari.pool.HikariPool       [0;39m [2m:[0;39m HikariPool-2 - Thread starvation or clock leap detected (housekeeper delta=9m55s233ms).
[2m2025-09-13T08:22:54.111-03:00[0;39m [33m WARN[0;39m [35m76711[0;39m [2m---[0;39m [2m[crmshot-backend] [l-2 housekeeper][0;39m [2m[0;39m[36mcom.zaxxer.hikari.pool.HikariPool       [0;39m [2m:[0;39m HikariPool-2 - Thread starvation or clock leap detected (housekeeper delta=15m30s316ms).
[2m2025-09-13T08:38:56.313-03:00[0;39m [33m WARN[0;39m [35m76711[0;39m [2m---[0;39m [2m[crmshot-backend] [l-2 housekeeper][0;39m [2m[0;39m[36mcom.zaxxer.hikari.pool.HikariPool       [0;39m [2m:[0;39m HikariPool-2 - Thread starvation or clock leap detected (housekeeper delta=15m32s190ms).
[2m2025-09-13T09:02:04.052-03:00[0;39m [33m WARN[0;39m [35m76711[0;39m [2m---[0;39m [2m[crmshot-backend] [l-2 housekeeper][0;39m [2m[0;39m[36mcom.zaxxer.hikari.pool.HikariPool       [0;39m [2m:[0;39m HikariPool-2 - Thread starvation or clock leap detected (housekeeper delta=15m37s622ms).
[2m2025-09-13T09:06:49.291-03:00[0;39m [33m WARN[0;39m [35m76711[0;39m [2m---[0;39m [2m[crmshot-backend] [l-2 housekeeper][0;39m [2m[0;39m[36mcom.zaxxer.hikari.pool.HikariPool       [0;39m [2m:[0;39m HikariPool-2 - Thread starvation or clock leap detected (housekeeper delta=3m45s225ms).
[2m2025-09-13T09:16:27.365-03:00[0;39m [33m WARN[0;39m [35m76711[0;39m [2m---[0;39m [2m[crmshot-backend] [l-2 housekeeper][0;39m [2m[0;39m[36mcom.zaxxer.hikari.pool.HikariPool       [0;39m [2m:[0;39m HikariPool-2 - Thread starvation or clock leap detected (housekeeper delta=8m8s51ms).
[2m2025-09-13T09:33:15.403-03:00[0;39m [33m WARN[0;39m [35m76711[0;39m [2m---[0;39m [2m[crmshot-backend] [l-2 housekeeper][0;39m [2m[0;39m[36mcom.zaxxer.hikari.pool.HikariPool       [0;39m [2m:[0;39m HikariPool-2 - Thread starvation or clock leap detected (housekeeper delta=16m18s31ms).
[2m2025-09-13T09:50:04.901-03:00[0;39m [33m WARN[0;39m [35m76711[0;39m [2m---[0;39m [2m[crmshot-backend] [l-2 housekeeper][0;39m [2m[0;39m[36mcom.zaxxer.hikari.pool.HikariPool       [0;39m [2m:[0;39m HikariPool-2 - Thread starvation or clock leap detected (housekeeper delta=16m49s498ms).
[2m2025-09-13T10:06:08.468-03:00[0;39m [33m WARN[0;39m [35m76711[0;39m [2m---[0;39m [2m[crmshot-backend] [l-2 housekeeper][0;39m [2m[0;39m[36mcom.zaxxer.hikari.pool.HikariPool       [0;39m [2m:[0;39m HikariPool-2 - Thread starvation or clock leap detected (housekeeper delta=15m33s571ms).
[2m2025-09-13T10:22:39.838-03:00[0;39m [33m WARN[0;39m [35m76711[0;39m [2m---[0;39m [2m[crmshot-backend] [l-2 housekeeper][0;39m [2m[0;39m[36mcom.zaxxer.hikari.pool.HikariPool       [0;39m [2m:[0;39m HikariPool-2 - Thread starvation or clock leap detected (housekeeper delta=15m31s351ms).
[2m2025-09-13T10:40:32.619-03:00[0;39m [33m WARN[0;39m [35m76711[0;39m [2m---[0;39m [2m[crmshot-backend] [l-2 housekeeper][0;39m [2m[0;39m[36mcom.zaxxer.hikari.pool.HikariPool       [0;39m [2m:[0;39m HikariPool-2 - Thread starvation or clock leap detected (housekeeper delta=16m52s762ms).
[2m2025-09-13T10:46:55.649-03:00[0;39m [33m WARN[0;39m [35m76711[0;39m [2m---[0;39m [2m[crmshot-backend] [l-2 housekeeper][0;39m [2m[0;39m[36mcom.zaxxer.hikari.pool.HikariPool       [0;39m [2m:[0;39m HikariPool-2 - Thread starvation or clock leap detected (housekeeper delta=6m23s31ms).
[2m2025-09-13T10:53:56.685-03:00[0;39m [33m WARN[0;39m [35m76711[0;39m [2m---[0;39m [2m[crmshot-backend] [l-2 housekeeper][0;39m [2m[0;39m[36mcom.zaxxer.hikari.pool.HikariPool       [0;39m [2m:[0;39m HikariPool-2 - Thread starvation or clock leap detected (housekeeper delta=6m1s20ms).
[2m2025-09-13T10:58:44.088-03:00[0;39m [33m WARN[0;39m [35m76711[0;39m [2m---[0;39m [2m[crmshot-backend] [l-2 housekeeper][0;39m [2m[0;39m[36mcom.zaxxer.hikari.pool.HikariPool       [0;39m [2m:[0;39m HikariPool-2 - Thread starvation or clock leap detected (housekeeper delta=3m47s385ms).
[2m2025-09-13T11:08:10.342-03:00[0;39m [33m WARN[0;39m [35m76711[0;39m [2m---[0;39m [2m[crmshot-backend] [l-2 housekeeper][0;39m [2m[0;39m[36mcom.zaxxer.hikari.pool.HikariPool       [0;39m [2m:[0;39m HikariPool-2 - Thread starvation or clock leap detected (housekeeper delta=7m16s480ms).
[2m2025-09-13T11:24:40.198-03:00[0;39m [33m WARN[0;39m [35m76711[0;39m [2m---[0;39m [2m[crmshot-backend] [l-2 housekeeper][0;39m [2m[0;39m[36mcom.zaxxer.hikari.pool.HikariPool       [0;39m [2m:[0;39m HikariPool-2 - Thread starvation or clock leap detected (housekeeper delta=15m29s833ms).
[2m2025-09-13T11:37:00.638-03:00[0;39m [33m WARN[0;39m [35m76711[0;39m [2m---[0;39m [2m[crmshot-backend] [l-2 housekeeper][0;39m [2m[0;39m[36mcom.zaxxer.hikari.pool.HikariPool       [0;39m [2m:[0;39m HikariPool-2 - Thread starvation or clock leap detected (housekeeper delta=11m20s425ms).
[2m2025-09-13T11:54:00.493-03:00[0;39m [33m WARN[0;39m [35m76711[0;39m [2m---[0;39m [2m[crmshot-backend] [l-2 housekeeper][0;39m [2m[0;39m[36mcom.zaxxer.hikari.pool.HikariPool       [0;39m [2m:[0;39m HikariPool-2 - Thread starvation or clock leap detected (housekeeper delta=15m29s830ms).
[2m2025-09-13T12:08:54.462-03:00[0;39m [33m WARN[0;39m [35m76711[0;39m [2m---[0;39m [2m[crmshot-backend] [l-2 housekeeper][0;39m [2m[0;39m[36mcom.zaxxer.hikari.pool.HikariPool       [0;39m [2m:[0;39m HikariPool-2 - Thread starvation or clock leap detected (housekeeper delta=11m19s597ms).
[2m2025-09-13T12:12:59.525-03:00[0;39m [33m WARN[0;39m [35m76711[0;39m [2m---[0;39m [2m[crmshot-backend] [l-2 housekeeper][0;39m [2m[0;39m[36mcom.zaxxer.hikari.pool.HikariPool       [0;39m [2m:[0;39m HikariPool-2 - Thread starvation or clock leap detected (housekeeper delta=2m35s41ms).
[2m2025-09-13T12:22:10.013-03:00[0;39m [33m WARN[0;39m [35m76711[0;39m [2m---[0;39m [2m[crmshot-backend] [l-2 housekeeper][0;39m [2m[0;39m[36mcom.zaxxer.hikari.pool.HikariPool       [0;39m [2m:[0;39m HikariPool-2 - Thread starvation or clock leap detected (housekeeper delta=9m10s488ms).
[2m2025-09-13T12:26:37.105-03:00[0;39m [33m WARN[0;39m [35m76711[0;39m [2m---[0;39m [2m[crmshot-backend] [l-2 housekeeper][0;39m [2m[0;39m[36mcom.zaxxer.hikari.pool.HikariPool       [0;39m [2m:[0;39m HikariPool-2 - Thread starvation or clock leap detected (housekeeper delta=2m57s61ms).
[2m2025-09-13T13:32:25.631-03:00[0;39m [33m WARN[0;39m [35m76711[0;39m [2m---[0;39m [2m[crmshot-backend] [l-2 housekeeper][0;39m [2m[0;39m[36mcom.zaxxer.hikari.pool.HikariPool       [0;39m [2m:[0;39m HikariPool-2 - Thread starvation or clock leap detected (housekeeper delta=5m47s725ms).
[2m2025-09-13T13:35:57.921-03:00[0;39m [33m WARN[0;39m [35m76711[0;39m [2m---[0;39m [2m[crmshot-backend] [l-2 housekeeper][0;39m [2m[0;39m[36mcom.zaxxer.hikari.pool.HikariPool       [0;39m [2m:[0;39m HikariPool-2 - Thread starvation or clock leap detected (housekeeper delta=3m2s287ms).
[2m2025-09-13T13:47:54.399-03:00[0;39m [33m WARN[0;39m [35m76711[0;39m [2m---[0;39m [2m[crmshot-backend] [l-2 housekeeper][0;39m [2m[0;39m[36mcom.zaxxer.hikari.pool.HikariPool       [0;39m [2m:[0;39m HikariPool-2 - Thread starvation or clock leap detected (housekeeper delta=10m18s510ms).
[2m2025-09-13T13:55:13.361-03:00[0;39m [33m WARN[0;39m [35m76711[0;39m [2m---[0;39m [2m[crmshot-backend] [l-2 housekeeper][0;39m [2m[0;39m[36mcom.zaxxer.hikari.pool.HikariPool       [0;39m [2m:[0;39m HikariPool-2 - Thread starvation or clock leap detected (housekeeper delta=5m18s930ms).
[2m2025-09-13T13:59:38.581-03:00[0;39m [33m WARN[0;39m [35m76711[0;39m [2m---[0;39m [2m[crmshot-backend] [l-2 housekeeper][0;39m [2m[0;39m[36mcom.zaxxer.hikari.pool.HikariPool       [0;39m [2m:[0;39m HikariPool-2 - Thread starvation or clock leap detected (housekeeper delta=55s157ms).
[2m2025-09-13T14:10:08.996-03:00[0;39m [33m WARN[0;39m [35m76711[0;39m [2m---[0;39m [2m[crmshot-backend] [l-2 housekeeper][0;39m [2m[0;39m[36mcom.zaxxer.hikari.pool.HikariPool       [0;39m [2m:[0;39m HikariPool-2 - Thread starvation or clock leap detected (housekeeper delta=9m30s404ms).
[2m2025-09-13T14:12:58.490-03:00[0;39m [33m WARN[0;39m [35m76711[0;39m [2m---[0;39m [2m[crmshot-backend] [l-2 housekeeper][0;39m [2m[0;39m[36mcom.zaxxer.hikari.pool.HikariPool       [0;39m [2m:[0;39m HikariPool-2 - Thread starvation or clock leap detected (housekeeper delta=49s458ms).
[2m2025-09-13T14:18:03.424-03:00[0;39m [33m WARN[0;39m [35m76711[0;39m [2m---[0;39m [2m[crmshot-backend] [l-2 housekeeper][0;39m [2m[0;39m[36mcom.zaxxer.hikari.pool.HikariPool       [0;39m [2m:[0;39m HikariPool-2 - Thread starvation or clock leap detected (housekeeper delta=3m34s923ms).
[2m2025-09-13T14:35:03.755-03:00[0;39m [33m WARN[0;39m [35m76711[0;39m [2m---[0;39m [2m[crmshot-backend] [l-2 housekeeper][0;39m [2m[0;39m[36mcom.zaxxer.hikari.pool.HikariPool       [0;39m [2m:[0;39m HikariPool-2 - Thread starvation or clock leap detected (housekeeper delta=15m30s302ms).
[2m2025-09-13T14:50:50.806-03:00[0;39m [33m WARN[0;39m [35m76711[0;39m [2m---[0;39m [2m[crmshot-backend] [l-2 housekeeper][0;39m [2m[0;39m[36mcom.zaxxer.hikari.pool.HikariPool       [0;39m [2m:[0;39m HikariPool-2 - Thread starvation or clock leap detected (housekeeper delta=15m47s52ms).
[2m2025-09-13T15:01:17.375-03:00[0;39m [33m WARN[0;39m [35m76711[0;39m [2m---[0;39m [2m[crmshot-backend] [l-2 housekeeper][0;39m [2m[0;39m[36mcom.zaxxer.hikari.pool.HikariPool       [0;39m [2m:[0;39m HikariPool-2 - Thread starvation or clock leap detected (housekeeper delta=9m56s535ms).
[2m2025-09-13T15:10:57.150-03:00[0;39m [33m WARN[0;39m [35m76711[0;39m [2m---[0;39m [2m[crmshot-backend] [l-2 housekeeper][0;39m [2m[0;39m[36mcom.zaxxer.hikari.pool.HikariPool       [0;39m [2m:[0;39m HikariPool-2 - Thread starvation or clock leap detected (housekeeper delta=8m9s754ms).
[2m2025-09-13T15:18:23.340-03:00[0;39m [33m WARN[0;39m [35m76711[0;39m [2m---[0;39m [2m[crmshot-backend] [l-2 housekeeper][0;39m [2m[0;39m[36mcom.zaxxer.hikari.pool.HikariPool       [0;39m [2m:[0;39m HikariPool-2 - Thread starvation or clock leap detected (housekeeper delta=6m26s166ms).
[2m2025-09-13T15:20:08.408-03:00[0;39m [33m WARN[0;39m [35m76711[0;39m [2m---[0;39m [2m[crmshot-backend] [l-2 housekeeper][0;39m [2m[0;39m[36mcom.zaxxer.hikari.pool.HikariPool       [0;39m [2m:[0;39m HikariPool-2 - Thread starvation or clock leap detected (housekeeper delta=45s44ms).
[2m2025-09-13T15:25:11.730-03:00[0;39m [33m WARN[0;39m [35m76711[0;39m [2m---[0;39m [2m[crmshot-backend] [l-2 housekeeper][0;39m [2m[0;39m[36mcom.zaxxer.hikari.pool.HikariPool       [0;39m [2m:[0;39m HikariPool-2 - Thread starvation or clock leap detected (housekeeper delta=3m33s298ms).
[2m2025-09-13T16:32:38.756-03:00[0;39m [33m WARN[0;39m [35m76711[0;39m [2m---[0;39m [2m[crmshot-backend] [l-2 housekeeper][0;39m [2m[0;39m[36mcom.zaxxer.hikari.pool.HikariPool       [0;39m [2m:[0;39m HikariPool-2 - Thread starvation or clock leap detected (housekeeper delta=7m26s256ms).
[2m2025-09-13T16:35:01.600-03:00[0;39m [33m WARN[0;39m [35m76711[0;39m [2m---[0;39m [2m[crmshot-backend] [l-2 housekeeper][0;39m [2m[0;39m[36mcom.zaxxer.hikari.pool.HikariPool       [0;39m [2m:[0;39m HikariPool-2 - Thread starvation or clock leap detected (housekeeper delta=1m52s838ms).
[2m2025-09-13T16:50:31.475-03:00[0;39m [33m WARN[0;39m [35m76711[0;39m [2m---[0;39m [2m[crmshot-backend] [l-2 housekeeper][0;39m [2m[0;39m[36mcom.zaxxer.hikari.pool.HikariPool       [0;39m [2m:[0;39m HikariPool-2 - Thread starvation or clock leap detected (housekeeper delta=15m29s874ms).
[2m2025-09-13T17:06:31.345-03:00[0;39m [33m WARN[0;39m [35m76711[0;39m [2m---[0;39m [2m[crmshot-backend] [l-2 housekeeper][0;39m [2m[0;39m[36mcom.zaxxer.hikari.pool.HikariPool       [0;39m [2m:[0;39m HikariPool-2 - Thread starvation or clock leap detected (housekeeper delta=15m29s867ms).
[2m2025-09-13T17:12:12.713-03:00[0;39m [33m WARN[0;39m [35m76711[0;39m [2m---[0;39m [2m[crmshot-backend] [l-2 housekeeper][0;39m [2m[0;39m[36mcom.zaxxer.hikari.pool.HikariPool       [0;39m [2m:[0;39m HikariPool-2 - Thread starvation or clock leap detected (housekeeper delta=5m11s357ms).
[2m2025-09-13T17:22:24.844-03:00[0;39m [33m WARN[0;39m [35m76711[0;39m [2m---[0;39m [2m[crmshot-backend] [l-2 housekeeper][0;39m [2m[0;39m[36mcom.zaxxer.hikari.pool.HikariPool       [0;39m [2m:[0;39m HikariPool-2 - Thread starvation or clock leap detected (housekeeper delta=6m42s88ms).
[2m2025-09-13T17:24:48.960-03:00[0;39m [33m WARN[0;39m [35m76711[0;39m [2m---[0;39m [2m[crmshot-backend] [l-2 housekeeper][0;39m [2m[0;39m[36mcom.zaxxer.hikari.pool.HikariPool       [0;39m [2m:[0;39m HikariPool-2 - Thread starvation or clock leap detected (housekeeper delta=2m24s118ms).
[2m2025-09-13T17:30:01.869-03:00[0;39m [33m WARN[0;39m [35m76711[0;39m [2m---[0;39m [2m[crmshot-backend] [l-2 housekeeper][0;39m [2m[0;39m[36mcom.zaxxer.hikari.pool.HikariPool       [0;39m [2m:[0;39m HikariPool-2 - Thread starvation or clock leap detected (housekeeper delta=4m42s908ms).
[2m2025-09-13T17:33:20.129-03:00[0;39m [33m WARN[0;39m [35m76711[0;39m [2m---[0;39m [2m[crmshot-backend] [l-2 housekeeper][0;39m [2m[0;39m[36mcom.zaxxer.hikari.pool.HikariPool       [0;39m [2m:[0;39m HikariPool-2 - Thread starvation or clock leap detected (housekeeper delta=3m18s260ms).
[2m2025-09-13T17:38:32.297-03:00[0;39m [33m WARN[0;39m [35m76711[0;39m [2m---[0;39m [2m[crmshot-backend] [l-2 housekeeper][0;39m [2m[0;39m[36mcom.zaxxer.hikari.pool.HikariPool       [0;39m [2m:[0;39m HikariPool-2 - Thread starvation or clock leap detected (housekeeper delta=4m42s164ms).
[2m2025-09-13T17:53:26.462-03:00[0;39m [33m WARN[0;39m [35m76711[0;39m [2m---[0;39m [2m[crmshot-backend] [l-2 housekeeper][0;39m [2m[0;39m[36mcom.zaxxer.hikari.pool.HikariPool       [0;39m [2m:[0;39m HikariPool-2 - Thread starvation or clock leap detected (housekeeper delta=14m24s156ms).
[2m2025-09-13T18:10:55.283-03:00[0;39m [33m WARN[0;39m [35m76711[0;39m [2m---[0;39m [2m[crmshot-backend] [l-2 housekeeper][0;39m [2m[0;39m[36mcom.zaxxer.hikari.pool.HikariPool       [0;39m [2m:[0;39m HikariPool-2 - Thread starvation or clock leap detected (housekeeper delta=15m28s783ms).
[2m2025-09-13T18:28:55.163-03:00[0;39m [33m WARN[0;39m [35m76711[0;39m [2m---[0;39m [2m[crmshot-backend] [l-2 housekeeper][0;39m [2m[0;39m[36mcom.zaxxer.hikari.pool.HikariPool       [0;39m [2m:[0;39m HikariPool-2 - Thread starvation or clock leap detected (housekeeper delta=15m29s839ms).
[2m2025-09-13T18:36:14.971-03:00[0;39m [33m WARN[0;39m [35m76711[0;39m [2m---[0;39m [2m[crmshot-backend] [l-2 housekeeper][0;39m [2m[0;39m[36mcom.zaxxer.hikari.pool.HikariPool       [0;39m [2m:[0;39m HikariPool-2 - Thread starvation or clock leap detected (housekeeper delta=5m19s776ms).
[2m2025-09-13T19:33:46.859-03:00[0;39m [33m WARN[0;39m [35m76711[0;39m [2m---[0;39m [2m[crmshot-backend] [l-2 housekeeper][0;39m [2m[0;39m[36mcom.zaxxer.hikari.pool.HikariPool       [0;39m [2m:[0;39m HikariPool-2 - Thread starvation or clock leap detected (housekeeper delta=6m1s176ms).
[2m2025-09-13T19:49:28.886-03:00[0;39m [33m WARN[0;39m [35m76711[0;39m [2m---[0;39m [2m[crmshot-backend] [l-2 housekeeper][0;39m [2m[0;39m[36mcom.zaxxer.hikari.pool.HikariPool       [0;39m [2m:[0;39m HikariPool-2 - Thread starvation or clock leap detected (housekeeper delta=15m42s28ms).
[2m2025-09-13T19:52:32.495-03:00[0;39m [33m WARN[0;39m [35m76711[0;39m [2m---[0;39m [2m[crmshot-backend] [l-2 housekeeper][0;39m [2m[0;39m[36mcom.zaxxer.hikari.pool.HikariPool       [0;39m [2m:[0;39m HikariPool-2 - Thread starvation or clock leap detected (housekeeper delta=2m33s606ms).
[2m2025-09-13T19:57:20.987-03:00[0;39m [33m WARN[0;39m [35m76711[0;39m [2m---[0;39m [2m[crmshot-backend] [l-2 housekeeper][0;39m [2m[0;39m[36mcom.zaxxer.hikari.pool.HikariPool       [0;39m [2m:[0;39m HikariPool-2 - Thread starvation or clock leap detected (housekeeper delta=4m48s492ms).
[2m2025-09-14T06:15:10.066-03:00[0;39m [33m WARN[0;39m [35m76711[0;39m [2m---[0;39m [2m[crmshot-backend] [l-2 housekeeper][0;39m [2m[0;39m[36mcom.zaxxer.hikari.pool.HikariPool       [0;39m [2m:[0;39m HikariPool-2 - Thread starvation or clock leap detected (housekeeper delta=6m10s806ms).
[2m2025-09-14T06:31:09.902-03:00[0;39m [33m WARN[0;39m [35m76711[0;39m [2m---[0;39m [2m[crmshot-backend] [l-2 housekeeper][0;39m [2m[0;39m[36mcom.zaxxer.hikari.pool.HikariPool       [0;39m [2m:[0;39m HikariPool-2 - Thread starvation or clock leap detected (housekeeper delta=15m29s834ms).
[2m2025-09-14T06:40:46.535-03:00[0;39m [33m WARN[0;39m [35m76711[0;39m [2m---[0;39m [2m[crmshot-backend] [l-2 housekeeper][0;39m [2m[0;39m[36mcom.zaxxer.hikari.pool.HikariPool       [0;39m [2m:[0;39m HikariPool-2 - Thread starvation or clock leap detected (housekeeper delta=9m36s633ms).
[2m2025-09-14T06:57:08.884-03:00[0;39m [33m WARN[0;39m [35m76711[0;39m [2m---[0;39m [2m[crmshot-backend] [l-2 housekeeper][0;39m [2m[0;39m[36mcom.zaxxer.hikari.pool.HikariPool       [0;39m [2m:[0;39m HikariPool-2 - Thread starvation or clock leap detected (housekeeper delta=15m52s344ms).
[2m2025-09-14T07:17:14.271-03:00[0;39m [33m WARN[0;39m [35m76711[0;39m [2m---[0;39m [2m[crmshot-backend] [l-2 housekeeper][0;39m [2m[0;39m[36mcom.zaxxer.hikari.pool.HikariPool       [0;39m [2m:[0;39m HikariPool-2 - Thread starvation or clock leap detected (housekeeper delta=16m5s347ms).
[2m2025-09-14T07:35:41.999-03:00[0;39m [33m WARN[0;39m [35m76711[0;39m [2m---[0;39m [2m[crmshot-backend] [l-2 housekeeper][0;39m [2m[0;39m[36mcom.zaxxer.hikari.pool.HikariPool       [0;39m [2m:[0;39m HikariPool-2 - Thread starvation or clock leap detected (housekeeper delta=16m27s676ms).
[2m2025-09-14T07:45:30.088-03:00[0;39m [33m WARN[0;39m [35m76711[0;39m [2m---[0;39m [2m[crmshot-backend] [l-2 housekeeper][0;39m [2m[0;39m[36mcom.zaxxer.hikari.pool.HikariPool       [0;39m [2m:[0;39m HikariPool-2 - Thread starvation or clock leap detected (housekeeper delta=8m48s61ms).
[2m2025-09-14T07:58:16.047-03:00[0;39m [33m WARN[0;39m [35m76711[0;39m [2m---[0;39m [2m[crmshot-backend] [l-2 housekeeper][0;39m [2m[0;39m[36mcom.zaxxer.hikari.pool.HikariPool       [0;39m [2m:[0;39m HikariPool-2 - Thread starvation or clock leap detected (housekeeper delta=11m15s925ms).
[2m2025-09-14T08:13:21.587-03:00[0;39m [33m WARN[0;39m [35m76711[0;39m [2m---[0;39m [2m[crmshot-backend] [l-2 housekeeper][0;39m [2m[0;39m[36mcom.zaxxer.hikari.pool.HikariPool       [0;39m [2m:[0;39m HikariPool-2 - Thread starvation or clock leap detected (housekeeper delta=14m5s517ms).
[2m2025-09-14T08:17:39.265-03:00[0;39m [33m WARN[0;39m [35m76711[0;39m [2m---[0;39m [2m[crmshot-backend] [l-2 housekeeper][0;39m [2m[0;39m[36mcom.zaxxer.hikari.pool.HikariPool       [0;39m [2m:[0;39m HikariPool-2 - Thread starvation or clock leap detected (housekeeper delta=3m17s669ms).
[2m2025-09-14T08:33:41.357-03:00[0;39m [33m WARN[0;39m [35m76711[0;39m [2m---[0;39m [2m[crmshot-backend] [l-2 housekeeper][0;39m [2m[0;39m[36mcom.zaxxer.hikari.pool.HikariPool       [0;39m [2m:[0;39m HikariPool-2 - Thread starvation or clock leap detected (housekeeper delta=16m2s93ms).
[2m2025-09-14T08:46:22.718-03:00[0;39m [33m WARN[0;39m [35m76711[0;39m [2m---[0;39m [2m[crmshot-backend] [l-2 housekeeper][0;39m [2m[0;39m[36mcom.zaxxer.hikari.pool.HikariPool       [0;39m [2m:[0;39m HikariPool-2 - Thread starvation or clock leap detected (housekeeper delta=12m11s349ms).
[2m2025-09-14T08:59:06.991-03:00[0;39m [33m WARN[0;39m [35m76711[0;39m [2m---[0;39m [2m[crmshot-backend] [l-2 housekeeper][0;39m [2m[0;39m[36mcom.zaxxer.hikari.pool.HikariPool       [0;39m [2m:[0;39m HikariPool-2 - Thread starvation or clock leap detected (housekeeper delta=12m14s262ms).
[2m2025-09-14T09:06:45.241-03:00[0;39m [33m WARN[0;39m [35m76711[0;39m [2m---[0;39m [2m[crmshot-backend] [l-2 housekeeper][0;39m [2m[0;39m[36mcom.zaxxer.hikari.pool.HikariPool       [0;39m [2m:[0;39m HikariPool-2 - Thread starvation or clock leap detected (housekeeper delta=7m8s229ms).
[2m2025-09-14T09:20:54.093-03:00[0;39m [33m WARN[0;39m [35m76711[0;39m [2m---[0;39m [2m[crmshot-backend] [l-2 housekeeper][0;39m [2m[0;39m[36mcom.zaxxer.hikari.pool.HikariPool       [0;39m [2m:[0;39m HikariPool-2 - Thread starvation or clock leap detected (housekeeper delta=11m38s811ms).
[2m2025-09-14T09:36:54.502-03:00[0;39m [33m WARN[0;39m [35m76711[0;39m [2m---[0;39m [2m[crmshot-backend] [l-2 housekeeper][0;39m [2m[0;39m[36mcom.zaxxer.hikari.pool.HikariPool       [0;39m [2m:[0;39m HikariPool-2 - Thread starvation or clock leap detected (housekeeper delta=15m30s377ms).
[2m2025-09-14T09:52:24.831-03:00[0;39m [33m WARN[0;39m [35m76711[0;39m [2m---[0;39m [2m[crmshot-backend] [l-2 housekeeper][0;39m [2m[0;39m[36mcom.zaxxer.hikari.pool.HikariPool       [0;39m [2m:[0;39m HikariPool-2 - Thread starvation or clock leap detected (housekeeper delta=15m30s332ms).
[2m2025-09-14T10:00:14.831-03:00[0;39m [33m WARN[0;39m [35m76711[0;39m [2m---[0;39m [2m[crmshot-backend] [l-2 housekeeper][0;39m [2m[0;39m[36mcom.zaxxer.hikari.pool.HikariPool       [0;39m [2m:[0;39m HikariPool-2 - Thread starvation or clock leap detected (housekeeper delta=1m49s872ms).
[2m2025-09-14T10:16:14.730-03:00[0;39m [33m WARN[0;39m [35m76711[0;39m [2m---[0;39m [2m[crmshot-backend] [l-2 housekeeper][0;39m [2m[0;39m[36mcom.zaxxer.hikari.pool.HikariPool       [0;39m [2m:[0;39m HikariPool-2 - Thread starvation or clock leap detected (housekeeper delta=15m29s882ms).
[2m2025-09-14T10:23:03.273-03:00[0;39m [33m WARN[0;39m [35m76711[0;39m [2m---[0;39m [2m[crmshot-backend] [l-2 housekeeper][0;39m [2m[0;39m[36mcom.zaxxer.hikari.pool.HikariPool       [0;39m [2m:[0;39m HikariPool-2 - Thread starvation or clock leap detected (housekeeper delta=6m18s527ms).
[2m2025-09-14T10:27:21.029-03:00[0;39m [33m WARN[0;39m [35m76711[0;39m [2m---[0;39m [2m[crmshot-backend] [l-2 housekeeper][0;39m [2m[0;39m[36mcom.zaxxer.hikari.pool.HikariPool       [0;39m [2m:[0;39m HikariPool-2 - Thread starvation or clock leap detected (housekeeper delta=3m17s739ms).
[2m2025-09-14T10:44:39.760-03:00[0;39m [33m WARN[0;39m [35m76711[0;39m [2m---[0;39m [2m[crmshot-backend] [l-2 housekeeper][0;39m [2m[0;39m[36mcom.zaxxer.hikari.pool.HikariPool       [0;39m [2m:[0;39m HikariPool-2 - Thread starvation or clock leap detected (housekeeper delta=16m18s711ms).
[2m2025-09-14T10:59:28.415-03:00[0;39m [33m WARN[0;39m [35m76711[0;39m [2m---[0;39m [2m[crmshot-backend] [l-2 housekeeper][0;39m [2m[0;39m[36mcom.zaxxer.hikari.pool.HikariPool       [0;39m [2m:[0;39m HikariPool-2 - Thread starvation or clock leap detected (housekeeper delta=14m18s643ms).
[2m2025-09-14T11:03:36.536-03:00[0;39m [33m WARN[0;39m [35m76711[0;39m [2m---[0;39m [2m[crmshot-backend] [l-2 housekeeper][0;39m [2m[0;39m[36mcom.zaxxer.hikari.pool.HikariPool       [0;39m [2m:[0;39m HikariPool-2 - Thread starvation or clock leap detected (housekeeper delta=2m38s7ms).
[2m2025-09-14T11:21:14.007-03:00[0;39m [33m WARN[0;39m [35m76711[0;39m [2m---[0;39m [2m[crmshot-backend] [l-2 housekeeper][0;39m [2m[0;39m[36mcom.zaxxer.hikari.pool.HikariPool       [0;39m [2m:[0;39m HikariPool-2 - Thread starvation or clock leap detected (housekeeper delta=16m37s451ms).
[2m2025-09-14T11:24:17.140-03:00[0;39m [33m WARN[0;39m [35m76711[0;39m [2m---[0;39m [2m[crmshot-backend] [l-2 housekeeper][0;39m [2m[0;39m[36mcom.zaxxer.hikari.pool.HikariPool       [0;39m [2m:[0;39m HikariPool-2 - Thread starvation or clock leap detected (housekeeper delta=2m33s116ms).
[2m2025-09-14T11:33:15.534-03:00[0;39m [33m WARN[0;39m [35m76711[0;39m [2m---[0;39m [2m[crmshot-backend] [l-2 housekeeper][0;39m [2m[0;39m[36mcom.zaxxer.hikari.pool.HikariPool       [0;39m [2m:[0;39m HikariPool-2 - Thread starvation or clock leap detected (housekeeper delta=7m28s381ms).
[2m2025-09-14T11:48:45.858-03:00[0;39m [33m WARN[0;39m [35m76711[0;39m [2m---[0;39m [2m[crmshot-backend] [l-2 housekeeper][0;39m [2m[0;39m[36mcom.zaxxer.hikari.pool.HikariPool       [0;39m [2m:[0;39m HikariPool-2 - Thread starvation or clock leap detected (housekeeper delta=15m30s324ms).
[2m2025-09-14T11:54:21.032-03:00[0;39m [33m WARN[0;39m [35m76711[0;39m [2m---[0;39m [2m[crmshot-backend] [l-2 housekeeper][0;39m [2m[0;39m[36mcom.zaxxer.hikari.pool.HikariPool       [0;39m [2m:[0;39m HikariPool-2 - Thread starvation or clock leap detected (housekeeper delta=5m5s176ms).
[2m2025-09-14T12:01:07.292-03:00[0;39m [33m WARN[0;39m [35m76711[0;39m [2m---[0;39m [2m[crmshot-backend] [l-2 housekeeper][0;39m [2m[0;39m[36mcom.zaxxer.hikari.pool.HikariPool       [0;39m [2m:[0;39m HikariPool-2 - Thread starvation or clock leap detected (housekeeper delta=3m38s404ms).
[2m2025-09-14T12:02:28.187-03:00[0;39m [33m WARN[0;39m [35m76711[0;39m [2m---[0;39m [2m[crmshot-backend] [l-2 housekeeper][0;39m [2m[0;39m[36mcom.zaxxer.hikari.pool.HikariPool       [0;39m [2m:[0;39m HikariPool-2 - Thread starvation or clock leap detected (housekeeper delta=50s891ms).
[2m2025-09-14T12:03:45.313-03:00[0;39m [33m WARN[0;39m [35m76711[0;39m [2m---[0;39m [2m[crmshot-backend] [l-2 housekeeper][0;39m [2m[0;39m[36mcom.zaxxer.hikari.pool.HikariPool       [0;39m [2m:[0;39m HikariPool-2 - Thread starvation or clock leap detected (housekeeper delta=1m17s126ms).
[2m2025-09-14T12:09:16.565-03:00[0;39m [33m WARN[0;39m [35m76711[0;39m [2m---[0;39m [2m[crmshot-backend] [l-2 housekeeper][0;39m [2m[0;39m[36mcom.zaxxer.hikari.pool.HikariPool       [0;39m [2m:[0;39m HikariPool-2 - Thread starvation or clock leap detected (housekeeper delta=1m25s13ms).
[2m2025-09-14T12:25:46.509-03:00[0;39m [33m WARN[0;39m [35m76711[0;39m [2m---[0;39m [2m[crmshot-backend] [l-2 housekeeper][0;39m [2m[0;39m[36mcom.zaxxer.hikari.pool.HikariPool       [0;39m [2m:[0;39m HikariPool-2 - Thread starvation or clock leap detected (housekeeper delta=15m29s919ms).
[2m2025-09-14T12:31:47.263-03:00[0;39m [33m WARN[0;39m [35m76711[0;39m [2m---[0;39m [2m[crmshot-backend] [l-2 housekeeper][0;39m [2m[0;39m[36mcom.zaxxer.hikari.pool.HikariPool       [0;39m [2m:[0;39m HikariPool-2 - Thread starvation or clock leap detected (housekeeper delta=4m721ms).
[2m2025-09-14T12:42:44.531-03:00[0;39m [33m WARN[0;39m [35m76711[0;39m [2m---[0;39m [2m[crmshot-backend] [l-2 housekeeper][0;39m [2m[0;39m[36mcom.zaxxer.hikari.pool.HikariPool       [0;39m [2m:[0;39m HikariPool-2 - Thread starvation or clock leap detected (housekeeper delta=10m27s258ms).
[2m2025-09-14T12:46:58.569-03:00[0;39m [33m WARN[0;39m [35m76711[0;39m [2m---[0;39m [2m[crmshot-backend] [l-2 housekeeper][0;39m [2m[0;39m[36mcom.zaxxer.hikari.pool.HikariPool       [0;39m [2m:[0;39m HikariPool-2 - Thread starvation or clock leap detected (housekeeper delta=3m14s29ms).
[2m2025-09-14T12:50:21.308-03:00[0;39m [33m WARN[0;39m [35m76711[0;39m [2m---[0;39m [2m[crmshot-backend] [l-2 housekeeper][0;39m [2m[0;39m[36mcom.zaxxer.hikari.pool.HikariPool       [0;39m [2m:[0;39m HikariPool-2 - Thread starvation or clock leap detected (housekeeper delta=3m22s739ms).
[2m2025-09-14T13:02:20.854-03:00[0;39m [33m WARN[0;39m [35m76711[0;39m [2m---[0;39m [2m[crmshot-backend] [l-2 housekeeper][0;39m [2m[0;39m[36mcom.zaxxer.hikari.pool.HikariPool       [0;39m [2m:[0;39m HikariPool-2 - Thread starvation or clock leap detected (housekeeper delta=11m29s543ms).
[2m2025-09-14T13:18:21.222-03:00[0;39m [33m WARN[0;39m [35m76711[0;39m [2m---[0;39m [2m[crmshot-backend] [l-2 housekeeper][0;39m [2m[0;39m[36mcom.zaxxer.hikari.pool.HikariPool       [0;39m [2m:[0;39m HikariPool-2 - Thread starvation or clock leap detected (housekeeper delta=15m30s359ms).
[2m2025-09-14T13:34:51.072-03:00[0;39m [33m WARN[0;39m [35m76711[0;39m [2m---[0;39m [2m[crmshot-backend] [l-2 housekeeper][0;39m [2m[0;39m[36mcom.zaxxer.hikari.pool.HikariPool       [0;39m [2m:[0;39m HikariPool-2 - Thread starvation or clock leap detected (housekeeper delta=15m29s836ms).
[2m2025-09-14T13:36:01.558-03:00[0;39m [33m WARN[0;39m [35m76711[0;39m [2m---[0;39m [2m[crmshot-backend] [l-2 housekeeper][0;39m [2m[0;39m[36mcom.zaxxer.hikari.pool.HikariPool       [0;39m [2m:[0;39m HikariPool-2 - Thread starvation or clock leap detected (housekeeper delta=1m10s485ms).
[2m2025-09-14T13:52:01.391-03:00[0;39m [33m WARN[0;39m [35m76711[0;39m [2m---[0;39m [2m[crmshot-backend] [l-2 housekeeper][0;39m [2m[0;39m[36mcom.zaxxer.hikari.pool.HikariPool       [0;39m [2m:[0;39m HikariPool-2 - Thread starvation or clock leap detected (housekeeper delta=15m29s828ms).
[2m2025-09-14T13:59:31.611-03:00[0;39m [33m WARN[0;39m [35m76711[0;39m [2m---[0;39m [2m[crmshot-backend] [l-2 housekeeper][0;39m [2m[0;39m[36mcom.zaxxer.hikari.pool.HikariPool       [0;39m [2m:[0;39m HikariPool-2 - Thread starvation or clock leap detected (housekeeper delta=7m211ms).
[2m2025-09-14T14:03:14.714-03:00[0;39m [33m WARN[0;39m [35m76711[0;39m [2m---[0;39m [2m[crmshot-backend] [l-2 housekeeper][0;39m [2m[0;39m[36mcom.zaxxer.hikari.pool.HikariPool       [0;39m [2m:[0;39m HikariPool-2 - Thread starvation or clock leap detected (housekeeper delta=2m13s88ms).
[2m2025-09-14T14:18:44.555-03:00[0;39m [33m WARN[0;39m [35m76711[0;39m [2m---[0;39m [2m[crmshot-backend] [l-2 housekeeper][0;39m [2m[0;39m[36mcom.zaxxer.hikari.pool.HikariPool       [0;39m [2m:[0;39m HikariPool-2 - Thread starvation or clock leap detected (housekeeper delta=15m29s842ms).
[2m2025-09-14T14:35:14.510-03:00[0;39m [33m WARN[0;39m [35m76711[0;39m [2m---[0;39m [2m[crmshot-backend] [l-2 housekeeper][0;39m [2m[0;39m[36mcom.zaxxer.hikari.pool.HikariPool       [0;39m [2m:[0;39m HikariPool-2 - Thread starvation or clock leap detected (housekeeper delta=15m29s933ms).
[2m2025-09-14T14:53:13.405-03:00[0;39m [33m WARN[0;39m [35m76711[0;39m [2m---[0;39m [2m[crmshot-backend] [l-2 housekeeper][0;39m [2m[0;39m[36mcom.zaxxer.hikari.pool.HikariPool       [0;39m [2m:[0;39m HikariPool-2 - Thread starvation or clock leap detected (housekeeper delta=17m28s886ms).
[2m2025-09-14T15:04:10.285-03:00[0;39m [33m WARN[0;39m [35m76711[0;39m [2m---[0;39m [2m[crmshot-backend] [l-2 housekeeper][0;39m [2m[0;39m[36mcom.zaxxer.hikari.pool.HikariPool       [0;39m [2m:[0;39m HikariPool-2 - Thread starvation or clock leap detected (housekeeper delta=10m26s886ms).
[2m2025-09-14T15:23:59.373-03:00[0;39m [33m WARN[0;39m [35m76711[0;39m [2m---[0;39m [2m[crmshot-backend] [l-2 housekeeper][0;39m [2m[0;39m[36mcom.zaxxer.hikari.pool.HikariPool       [0;39m [2m:[0;39m HikariPool-2 - Thread starvation or clock leap detected (housekeeper delta=16m19s40ms).
[2m2025-09-14T15:43:08.394-03:00[0;39m [33m WARN[0;39m [35m76711[0;39m [2m---[0;39m [2m[crmshot-backend] [l-2 housekeeper][0;39m [2m[0;39m[36mcom.zaxxer.hikari.pool.HikariPool       [0;39m [2m:[0;39m HikariPool-2 - Thread starvation or clock leap detected (housekeeper delta=15m38s998ms).
[2m2025-09-14T15:58:54.287-03:00[0;39m [33m WARN[0;39m [35m76711[0;39m [2m---[0;39m [2m[crmshot-backend] [l-2 housekeeper][0;39m [2m[0;39m[36mcom.zaxxer.hikari.pool.HikariPool       [0;39m [2m:[0;39m HikariPool-2 - Thread starvation or clock leap detected (housekeeper delta=15m45s894ms).
[2m2025-09-14T16:05:04.309-03:00[0;39m [33m WARN[0;39m [35m76711[0;39m [2m---[0;39m [2m[crmshot-backend] [l-2 housekeeper][0;39m [2m[0;39m[36mcom.zaxxer.hikari.pool.HikariPool       [0;39m [2m:[0;39m HikariPool-2 - Thread starvation or clock leap detected (housekeeper delta=5m9s975ms).
[2m2025-09-14T16:18:36.271-03:00[0;39m [33m WARN[0;39m [35m76711[0;39m [2m---[0;39m [2m[crmshot-backend] [l-2 housekeeper][0;39m [2m[0;39m[36mcom.zaxxer.hikari.pool.HikariPool       [0;39m [2m:[0;39m HikariPool-2 - Thread starvation or clock leap detected (housekeeper delta=7m1s880ms).
[2m2025-09-14T16:34:55.885-03:00[0;39m [33m WARN[0;39m [35m76711[0;39m [2m---[0;39m [2m[crmshot-backend] [l-2 housekeeper][0;39m [2m[0;39m[36mcom.zaxxer.hikari.pool.HikariPool       [0;39m [2m:[0;39m HikariPool-2 - Thread starvation or clock leap detected (housekeeper delta=15m49s606ms).
[2m2025-09-14T16:45:00.220-03:00[0;39m [33m WARN[0;39m [35m76711[0;39m [2m---[0;39m [2m[crmshot-backend] [l-2 housekeeper][0;39m [2m[0;39m[36mcom.zaxxer.hikari.pool.HikariPool       [0;39m [2m:[0;39m HikariPool-2 - Thread starvation or clock leap detected (housekeeper delta=9m34s323ms).
[2m2025-09-14T16:47:06.150-03:00[0;39m [33m WARN[0;39m [35m76711[0;39m [2m---[0;39m [2m[crmshot-backend] [l-2 housekeeper][0;39m [2m[0;39m[36mcom.zaxxer.hikari.pool.HikariPool       [0;39m [2m:[0;39m HikariPool-2 - Thread starvation or clock leap detected (housekeeper delta=1m5s910ms).
[2m2025-09-14T16:57:21.531-03:00[0;39m [33m WARN[0;39m [35m76711[0;39m [2m---[0;39m [2m[crmshot-backend] [l-2 housekeeper][0;39m [2m[0;39m[36mcom.zaxxer.hikari.pool.HikariPool       [0;39m [2m:[0;39m HikariPool-2 - Thread starvation or clock leap detected (housekeeper delta=10m15s382ms).
[2m2025-09-14T17:06:13.064-03:00[0;39m [33m WARN[0;39m [35m76711[0;39m [2m---[0;39m [2m[crmshot-backend] [l-2 housekeeper][0;39m [2m[0;39m[36mcom.zaxxer.hikari.pool.HikariPool       [0;39m [2m:[0;39m HikariPool-2 - Thread starvation or clock leap detected (housekeeper delta=8m21s507ms).
[2m2025-09-14T17:24:21.072-03:00[0;39m [33m WARN[0;39m [35m76711[0;39m [2m---[0;39m [2m[crmshot-backend] [l-2 housekeeper][0;39m [2m[0;39m[36mcom.zaxxer.hikari.pool.HikariPool       [0;39m [2m:[0;39m HikariPool-2 - Thread starvation or clock leap detected (housekeeper delta=16m7s980ms).
[2m2025-09-14T17:35:18.694-03:00[0;39m [33m WARN[0;39m [35m76711[0;39m [2m---[0;39m [2m[crmshot-backend] [l-2 housekeeper][0;39m [2m[0;39m[36mcom.zaxxer.hikari.pool.HikariPool       [0;39m [2m:[0;39m HikariPool-2 - Thread starvation or clock leap detected (housekeeper delta=7m57s571ms).
[2m2025-09-14T17:52:02.273-03:00[0;39m [33m WARN[0;39m [35m76711[0;39m [2m---[0;39m [2m[crmshot-backend] [l-2 housekeeper][0;39m [2m[0;39m[36mcom.zaxxer.hikari.pool.HikariPool       [0;39m [2m:[0;39m HikariPool-2 - Thread starvation or clock leap detected (housekeeper delta=16m13s564ms).
[2m2025-09-14T18:07:25.449-03:00[0;39m [33m WARN[0;39m [35m76711[0;39m [2m---[0;39m [2m[crmshot-backend] [l-2 housekeeper][0;39m [2m[0;39m[36mcom.zaxxer.hikari.pool.HikariPool       [0;39m [2m:[0;39m HikariPool-2 - Thread starvation or clock leap detected (housekeeper delta=14m53s172ms).
[2m2025-09-14T18:09:58.901-03:00[0;39m [33m WARN[0;39m [35m76711[0;39m [2m---[0;39m [2m[crmshot-backend] [l-2 housekeeper][0;39m [2m[0;39m[36mcom.zaxxer.hikari.pool.HikariPool       [0;39m [2m:[0;39m HikariPool-2 - Thread starvation or clock leap detected (housekeeper delta=1m3s436ms).
[2m2025-09-14T18:12:25.153-03:00[0;39m [33m WARN[0;39m [35m76711[0;39m [2m---[0;39m [2m[crmshot-backend] [l-2 housekeeper][0;39m [2m[0;39m[36mcom.zaxxer.hikari.pool.HikariPool       [0;39m [2m:[0;39m HikariPool-2 - Thread starvation or clock leap detected (housekeeper delta=2m26s252ms).
[2m2025-09-14T18:15:10.444-03:00[0;39m [33m WARN[0;39m [35m76711[0;39m [2m---[0;39m [2m[crmshot-backend] [l-2 housekeeper][0;39m [2m[0;39m[36mcom.zaxxer.hikari.pool.HikariPool       [0;39m [2m:[0;39m HikariPool-2 - Thread starvation or clock leap detected (housekeeper delta=1m15s263ms).
[2m2025-09-14T18:16:27.364-03:00[0;39m [33m WARN[0;39m [35m76711[0;39m [2m---[0;39m [2m[crmshot-backend] [l-2 housekeeper][0;39m [2m[0;39m[36mcom.zaxxer.hikari.pool.HikariPool       [0;39m [2m:[0;39m HikariPool-2 - Thread starvation or clock leap detected (housekeeper delta=46s915ms).
[2m2025-09-14T18:19:01.049-03:00[0;39m [33m WARN[0;39m [35m76711[0;39m [2m---[0;39m [2m[crmshot-backend] [l-2 housekeeper][0;39m [2m[0;39m[36mcom.zaxxer.hikari.pool.HikariPool       [0;39m [2m:[0;39m HikariPool-2 - Thread starvation or clock leap detected (housekeeper delta=1m3s666ms).
[2m2025-09-14T18:21:10.215-03:00[0;39m [33m WARN[0;39m [35m76711[0;39m [2m---[0;39m [2m[crmshot-backend] [l-2 housekeeper][0;39m [2m[0;39m[36mcom.zaxxer.hikari.pool.HikariPool       [0;39m [2m:[0;39m HikariPool-2 - Thread starvation or clock leap detected (housekeeper delta=1m9s146ms).
[2m2025-09-14T19:28:44.972-03:00[0;39m [33m WARN[0;39m [35m76711[0;39m [2m---[0;39m [2m[crmshot-backend] [l-2 housekeeper][0;39m [2m[0;39m[36mcom.zaxxer.hikari.pool.HikariPool       [0;39m [2m:[0;39m HikariPool-2 - Thread starvation or clock leap detected (housekeeper delta=16m4s17ms).
[2m2025-09-14T19:46:22.777-03:00[0;39m [33m WARN[0;39m [35m76711[0;39m [2m---[0;39m [2m[crmshot-backend] [l-2 housekeeper][0;39m [2m[0;39m[36mcom.zaxxer.hikari.pool.HikariPool       [0;39m [2m:[0;39m HikariPool-2 - Thread starvation or clock leap detected (housekeeper delta=16m7s807ms).
[2m2025-09-14T20:04:22.804-03:00[0;39m [33m WARN[0;39m [35m76711[0;39m [2m---[0;39m [2m[crmshot-backend] [l-2 housekeeper][0;39m [2m[0;39m[36mcom.zaxxer.hikari.pool.HikariPool       [0;39m [2m:[0;39m HikariPool-2 - Thread starvation or clock leap detected (housekeeper delta=17m11ms).
[2m2025-09-14T20:08:02.747-03:00[0;39m [33m WARN[0;39m [35m76711[0;39m [2m---[0;39m [2m[crmshot-backend] [l-2 housekeeper][0;39m [2m[0;39m[36mcom.zaxxer.hikari.pool.HikariPool       [0;39m [2m:[0;39m HikariPool-2 - Thread starvation or clock leap detected (housekeeper delta=2m9s929ms).
[2m2025-09-14T20:11:44.410-03:00[0;39m [33m WARN[0;39m [35m76711[0;39m [2m---[0;39m [2m[crmshot-backend] [l-2 housekeeper][0;39m [2m[0;39m[36mcom.zaxxer.hikari.pool.HikariPool       [0;39m [2m:[0;39m HikariPool-2 - Thread starvation or clock leap detected (housekeeper delta=2m41s640ms).
[2m2025-09-14T20:29:10.157-03:00[0;39m [33m WARN[0;39m [35m76711[0;39m [2m---[0;39m [2m[crmshot-backend] [l-2 housekeeper][0;39m [2m[0;39m[36mcom.zaxxer.hikari.pool.HikariPool       [0;39m [2m:[0;39m HikariPool-2 - Thread starvation or clock leap detected (housekeeper delta=15m55s708ms).
[2m2025-09-14T20:44:20.998-03:00[0;39m [33m WARN[0;39m [35m76711[0;39m [2m---[0;39m [2m[crmshot-backend] [l-2 housekeeper][0;39m [2m[0;39m[36mcom.zaxxer.hikari.pool.HikariPool       [0;39m [2m:[0;39m HikariPool-2 - Thread starvation or clock leap detected (housekeeper delta=13m40s813ms).
[2m2025-09-14T20:45:23.024-03:00[0;39m [33m WARN[0;39m [35m76711[0;39m [2m---[0;39m [2m[crmshot-backend] [l-2 housekeeper][0;39m [2m[0;39m[36mcom.zaxxer.hikari.pool.HikariPool       [0;39m [2m:[0;39m HikariPool-2 - Thread starvation or clock leap detected (housekeeper delta=1m2s27ms).
[2m2025-09-14T21:59:04.753-03:00[0;39m [33m WARN[0;39m [35m76711[0;39m [2m---[0;39m [2m[crmshot-backend] [l-2 housekeeper][0;39m [2m[0;39m[36mcom.zaxxer.hikari.pool.HikariPool       [0;39m [2m:[0;39m HikariPool-2 - Thread starvation or clock leap detected (housekeeper delta=13m10s895ms).
[2m2025-09-14T22:03:40.102-03:00[0;39m [33m WARN[0;39m [35m76711[0;39m [2m---[0;39m [2m[crmshot-backend] [l-2 housekeeper][0;39m [2m[0;39m[36mcom.zaxxer.hikari.pool.HikariPool       [0;39m [2m:[0;39m HikariPool-2 - Thread starvation or clock leap detected (housekeeper delta=2m53s89ms).
[2m2025-09-14T22:19:09.974-03:00[0;39m [33m WARN[0;39m [35m76711[0;39m [2m---[0;39m [2m[crmshot-backend] [l-2 housekeeper][0;39m [2m[0;39m[36mcom.zaxxer.hikari.pool.HikariPool       [0;39m [2m:[0;39m HikariPool-2 - Thread starvation or clock leap detected (housekeeper delta=15m29s868ms).
[2m2025-09-14T22:34:40.932-03:00[0;39m [33m WARN[0;39m [35m76711[0;39m [2m---[0;39m [2m[crmshot-backend] [l-2 housekeeper][0;39m [2m[0;39m[36mcom.zaxxer.hikari.pool.HikariPool       [0;39m [2m:[0;39m HikariPool-2 - Thread starvation or clock leap detected (housekeeper delta=15m30s963ms).
[2m2025-09-14T22:50:12.104-03:00[0;39m [33m WARN[0;39m [35m76711[0;39m [2m---[0;39m [2m[crmshot-backend] [l-2 housekeeper][0;39m [2m[0;39m[36mcom.zaxxer.hikari.pool.HikariPool       [0;39m [2m:[0;39m HikariPool-2 - Thread starvation or clock leap detected (housekeeper delta=15m31s172ms).
[2m2025-09-14T23:05:43.127-03:00[0;39m [33m WARN[0;39m [35m76711[0;39m [2m---[0;39m [2m[crmshot-backend] [l-2 housekeeper][0;39m [2m[0;39m[36mcom.zaxxer.hikari.pool.HikariPool       [0;39m [2m:[0;39m HikariPool-2 - Thread starvation or clock leap detected (housekeeper delta=15m31s23ms).
[2m2025-09-14T23:21:14.282-03:00[0;39m [33m WARN[0;39m [35m76711[0;39m [2m---[0;39m [2m[crmshot-backend] [l-2 housekeeper][0;39m [2m[0;39m[36mcom.zaxxer.hikari.pool.HikariPool       [0;39m [2m:[0;39m HikariPool-2 - Thread starvation or clock leap detected (housekeeper delta=15m31s154ms).
[2m2025-09-14T23:36:45.331-03:00[0;39m [33m WARN[0;39m [35m76711[0;39m [2m---[0;39m [2m[crmshot-backend] [l-2 housekeeper][0;39m [2m[0;39m[36mcom.zaxxer.hikari.pool.HikariPool       [0;39m [2m:[0;39m HikariPool-2 - Thread starvation or clock leap detected (housekeeper delta=15m31s50ms).
[2m2025-09-15T00:19:48.483-03:00[0;39m [33m WARN[0;39m [35m76711[0;39m [2m---[0;39m [2m[crmshot-backend] [l-2 housekeeper][0;39m [2m[0;39m[36mcom.zaxxer.hikari.pool.HikariPool       [0;39m [2m:[0;39m HikariPool-2 - Thread starvation or clock leap detected (housekeeper delta=43m3s151ms).
[2m2025-09-15T00:35:18.346-03:00[0;39m [33m WARN[0;39m [35m76711[0;39m [2m---[0;39m [2m[crmshot-backend] [l-2 housekeeper][0;39m [2m[0;39m[36mcom.zaxxer.hikari.pool.HikariPool       [0;39m [2m:[0;39m HikariPool-2 - Thread starvation or clock leap detected (housekeeper delta=15m29s864ms).
[2m2025-09-15T00:51:21.433-03:00[0;39m [33m WARN[0;39m [35m76711[0;39m [2m---[0;39m [2m[crmshot-backend] [l-2 housekeeper][0;39m [2m[0;39m[36mcom.zaxxer.hikari.pool.HikariPool       [0;39m [2m:[0;39m HikariPool-2 - Thread starvation or clock leap detected (housekeeper delta=15m33s90ms).
[2m2025-09-15T01:56:05.566-03:00[0;39m [33m WARN[0;39m [35m76711[0;39m [2m---[0;39m [2m[crmshot-backend] [l-2 housekeeper][0;39m [2m[0;39m[36mcom.zaxxer.hikari.pool.HikariPool       [0;39m [2m:[0;39m HikariPool-2 - Thread starvation or clock leap detected (housekeeper delta=1h4m44s132ms).
[2m2025-09-15T02:11:35.120-03:00[0;39m [33m WARN[0;39m [35m76711[0;39m [2m---[0;39m [2m[crmshot-backend] [l-2 housekeeper][0;39m [2m[0;39m[36mcom.zaxxer.hikari.pool.HikariPool       [0;39m [2m:[0;39m HikariPool-2 - Thread starvation or clock leap detected (housekeeper delta=15m29s555ms).
[2m2025-09-15T03:18:15.787-03:00[0;39m [33m WARN[0;39m [35m76711[0;39m [2m---[0;39m [2m[crmshot-backend] [l-2 housekeeper][0;39m [2m[0;39m[36mcom.zaxxer.hikari.pool.HikariPool       [0;39m [2m:[0;39m HikariPool-2 - Thread starvation or clock leap detected (housekeeper delta=1h6m40s666ms).
[2m2025-09-15T03:59:07.819-03:00[0;39m [33m WARN[0;39m [35m76711[0;39m [2m---[0;39m [2m[crmshot-backend] [l-2 housekeeper][0;39m [2m[0;39m[36mcom.zaxxer.hikari.pool.HikariPool       [0;39m [2m:[0;39m HikariPool-2 - Thread starvation or clock leap detected (housekeeper delta=40m52s33ms).
[2m2025-09-15T05:03:50.550-03:00[0;39m [33m WARN[0;39m [35m76711[0;39m [2m---[0;39m [2m[crmshot-backend] [l-2 housekeeper][0;39m [2m[0;39m[36mcom.zaxxer.hikari.pool.HikariPool       [0;39m [2m:[0;39m HikariPool-2 - Thread starvation or clock leap detected (housekeeper delta=1h4m42s730ms).
[2m2025-09-15T05:37:59.484-03:00[0;39m [33m WARN[0;39m [35m76711[0;39m [2m---[0;39m [2m[crmshot-backend] [l-2 housekeeper][0;39m [2m[0;39m[36mcom.zaxxer.hikari.pool.HikariPool       [0;39m [2m:[0;39m HikariPool-2 - Thread starvation or clock leap detected (housekeeper delta=34m8s935ms).
[2m2025-09-15T06:15:18.324-03:00[0;39m [33m WARN[0;39m [35m76711[0;39m [2m---[0;39m [2m[crmshot-backend] [l-2 housekeeper][0;39m [2m[0;39m[36mcom.zaxxer.hikari.pool.HikariPool       [0;39m [2m:[0;39m HikariPool-2 - Thread starvation or clock leap detected (housekeeper delta=37m18s839ms).
[2m2025-09-15T06:31:02.044-03:00[0;39m [33m WARN[0;39m [35m76711[0;39m [2m---[0;39m [2m[crmshot-backend] [l-2 housekeeper][0;39m [2m[0;39m[36mcom.zaxxer.hikari.pool.HikariPool       [0;39m [2m:[0;39m HikariPool-2 - Thread starvation or clock leap detected (housekeeper delta=15m43s721ms).
[2m2025-09-15T07:53:09.619-03:00[0;39m [33m WARN[0;39m [35m76711[0;39m [2m---[0;39m [2m[crmshot-backend] [l-2 housekeeper][0;39m [2m[0;39m[36mcom.zaxxer.hikari.pool.HikariPool       [0;39m [2m:[0;39m HikariPool-2 - Thread starvation or clock leap detected (housekeeper delta=1h22m7s575ms).
[2m2025-09-15T09:03:02.193-03:00[0;39m [33m WARN[0;39m [35m76711[0;39m [2m---[0;39m [2m[crmshot-backend] [l-2 housekeeper][0;39m [2m[0;39m[36mcom.zaxxer.hikari.pool.HikariPool       [0;39m [2m:[0;39m HikariPool-2 - Thread starvation or clock leap detected (housekeeper delta=1h9m52s574ms).
[2m2025-09-15T09:19:18.468-03:00[0;39m [33m WARN[0;39m [35m76711[0;39m [2m---[0;39m [2m[crmshot-backend] [l-2 housekeeper][0;39m [2m[0;39m[36mcom.zaxxer.hikari.pool.HikariPool       [0;39m [2m:[0;39m HikariPool-2 - Thread starvation or clock leap detected (housekeeper delta=16m16s275ms).
[2m2025-09-15T09:50:47.803-03:00[0;39m [33m WARN[0;39m [35m76711[0;39m [2m---[0;39m [2m[crmshot-backend] [l-2 housekeeper][0;39m [2m[0;39m[36mcom.zaxxer.hikari.pool.HikariPool       [0;39m [2m:[0;39m HikariPool-2 - Thread starvation or clock leap detected (housekeeper delta=31m29s335ms).
[2m2025-09-15T10:15:28.283-03:00[0;39m [33m WARN[0;39m [35m76711[0;39m [2m---[0;39m [2m[crmshot-backend] [l-2 housekeeper][0;39m [2m[0;39m[36mcom.zaxxer.hikari.pool.HikariPool       [0;39m [2m:[0;39m HikariPool-2 - Thread starvation or clock leap detected (housekeeper delta=24m40s403ms).
[2m2025-09-15T11:05:08.073-03:00[0;39m [33m WARN[0;39m [35m76711[0;39m [2m---[0;39m [2m[crmshot-backend] [l-2 housekeeper][0;39m [2m[0;39m[36mcom.zaxxer.hikari.pool.HikariPool       [0;39m [2m:[0;39m HikariPool-2 - Thread starvation or clock leap detected (housekeeper delta=49m39s866ms).
[2m2025-09-15T11:33:01.263-03:00[0;39m [33m WARN[0;39m [35m76711[0;39m [2m---[0;39m [2m[crmshot-backend] [l-2 housekeeper][0;39m [2m[0;39m[36mcom.zaxxer.hikari.pool.HikariPool       [0;39m [2m:[0;39m HikariPool-2 - Thread starvation or clock leap detected (housekeeper delta=27m53s189ms).
[2m2025-09-15T11:48:32.305-03:00[0;39m [33m WARN[0;39m [35m76711[0;39m [2m---[0;39m [2m[crmshot-backend] [l-2 housekeeper][0;39m [2m[0;39m[36mcom.zaxxer.hikari.pool.HikariPool       [0;39m [2m:[0;39m HikariPool-2 - Thread starvation or clock leap detected (housekeeper delta=15m31s44ms).
[2m2025-09-15T12:06:11.226-03:00[0;39m [33m WARN[0;39m [35m76711[0;39m [2m---[0;39m [2m[crmshot-backend] [l-2 housekeeper][0;39m [2m[0;39m[36mcom.zaxxer.hikari.pool.HikariPool       [0;39m [2m:[0;39m HikariPool-2 - Thread starvation or clock leap detected (housekeeper delta=17m38s920ms).
[2m2025-09-15T13:03:06.248-03:00[0;39m [33m WARN[0;39m [35m76711[0;39m [2m---[0;39m [2m[crmshot-backend] [l-2 housekeeper][0;39m [2m[0;39m[36mcom.zaxxer.hikari.pool.HikariPool       [0;39m [2m:[0;39m HikariPool-2 - Thread starvation or clock leap detected (housekeeper delta=56m55s22ms).
[2m2025-09-15T13:07:16.635-03:00[0;39m [33m WARN[0;39m [35m76711[0;39m [2m---[0;39m [2m[crmshot-backend] [l-2 housekeeper][0;39m [2m[0;39m[36mcom.zaxxer.hikari.pool.HikariPool       [0;39m [2m:[0;39m HikariPool-2 - Thread starvation or clock leap detected (housekeeper delta=4m10s388ms).
[2m2025-09-15T13:39:50.962-03:00[0;39m [33m WARN[0;39m [35m76711[0;39m [2m---[0;39m [2m[crmshot-backend] [l-2 housekeeper][0;39m [2m[0;39m[36mcom.zaxxer.hikari.pool.HikariPool       [0;39m [2m:[0;39m HikariPool-2 - Thread starvation or clock leap detected (housekeeper delta=32m34s323ms).
[2m2025-09-15T14:05:07.907-03:00[0;39m [33m WARN[0;39m [35m76711[0;39m [2m---[0;39m [2m[crmshot-backend] [l-2 housekeeper][0;39m [2m[0;39m[36mcom.zaxxer.hikari.pool.HikariPool       [0;39m [2m:[0;39m HikariPool-2 - Thread starvation or clock leap detected (housekeeper delta=25m16s948ms).
[2m2025-09-15T14:11:20.504-03:00[0;39m [33m WARN[0;39m [35m76711[0;39m [2m---[0;39m [2m[crmshot-backend] [l-2 housekeeper][0;39m [2m[0;39m[36mcom.zaxxer.hikari.pool.HikariPool       [0;39m [2m:[0;39m HikariPool-2 - Thread starvation or clock leap detected (housekeeper delta=6m12s596ms).
[2m2025-09-15T14:13:02.304-03:00[0;39m [33m WARN[0;39m [35m76711[0;39m [2m---[0;39m [2m[crmshot-backend] [l-2 housekeeper][0;39m [2m[0;39m[36mcom.zaxxer.hikari.pool.HikariPool       [0;39m [2m:[0;39m HikariPool-2 - Thread starvation or clock leap detected (housekeeper delta=1m41s799ms).
[2m2025-09-15T14:20:11.155-03:00[0;39m [32m INFO[0;39m [35m76711[0;39m [2m---[0;39m [2m[crmshot-backend] [ionShutdownHook][0;39m [2m[0;39m[36mj.LocalContainerEntityManagerFactoryBean[0;39m [2m:[0;39m Closing JPA EntityManagerFactory for persistence unit 'default'
[2m2025-09-15T14:20:11.159-03:00[0;39m [32m INFO[0;39m [35m76711[0;39m [2m---[0;39m [2m[crmshot-backend] [ionShutdownHook][0;39m [2m[0;39m[36mcom.zaxxer.hikari.HikariDataSource      [0;39m [2m:[0;39m HikariPool-2 - Shutdown initiated...
[2m2025-09-15T14:20:11.160-03:00[0;39m [32m INFO[0;39m [35m76711[0;39m [2m---[0;39m [2m[crmshot-backend] [ionShutdownHook][0;39m [2m[0;39m[36mcom.zaxxer.hikari.HikariDataSource      [0;39m [2m:[0;39m HikariPool-2 - Shutdown completed.
